Log file for annot2std
sab 25 feb 2017, 23.39.51, CET

setenv SUBJECTS_DIR /home/marco/Desktop/SUBJECTS_freeSurfer
cd /home/marco/Desktop/SUBJECTS_freeSurfer/FINAL_TEMPLATE
/usr/local/freesurfer/bin/annot2std --o label/rh.aparc.annot --rh --f /home/marco/Desktop/SUBJECTS_freeSurfer/FINAL_TEMPLATE/list.subjects.txt --t FINAL_TEMPLATE --a aparc --srcsurfreg sphere.reg.newtemplate --trgsurfreg sphere.reg

freesurfer-Linux-centos6_x86_64-stable-pub-v6.0.0-2beb96c
$Id: annot2std,v 1.5 2016/06/13 18:00:34 greve Exp $
Linux marco-Lenovo-Yoga-2-Pro 4.4.0-64-generic #85-Ubuntu SMP Mon Feb 20 11:50:30 UTC 2017 x86_64 x86_64 x86_64 GNU/Linux
#@# 1/20 50002_recon sab 25 feb 2017, 23.39.51, CET
mri_annotation2label --subject 50002_recon --hemi rh --seg /home/marco/Desktop/SUBJECTS_freeSurfer/FINAL_TEMPLATE/label/tmpdir.annot2std.16548/seg.1.50002_recon.mgh --ctab /home/marco/Desktop/SUBJECTS_freeSurfer/FINAL_TEMPLATE/label/tmpdir.annot2std.16548/seg.1.50002_recon.ctab --annotation aparc --segbase 0
subject = 50002_recon
annotation = aparc
hemi = rh
segfile = /home/marco/Desktop/SUBJECTS_freeSurfer/FINAL_TEMPLATE/label/tmpdir.annot2std.16548/seg.1.50002_recon.mgh
surface   = white

Reading surface 
 /home/marco/Desktop/SUBJECTS_freeSurfer/50002_recon/surf/rh.white
Loading annotations from /home/marco/Desktop/SUBJECTS_freeSurfer/50002_recon/label/rh.aparc.annot
Seg base 0
Converting to a segmentation
mri_surf2surf --mapmethod nnf --hemi rh --srcsubject 50002_recon --srcsurfreg sphere.reg.newtemplate --sval /home/marco/Desktop/SUBJECTS_freeSurfer/FINAL_TEMPLATE/label/tmpdir.annot2std.16548/seg.1.50002_recon.mgh --trgsubject FINAL_TEMPLATE --trgsurfreg sphere.reg --tval /home/marco/Desktop/SUBJECTS_freeSurfer/FINAL_TEMPLATE/label/tmpdir.annot2std.16548/seg.1.50002_recon.std.mgh
Source registration surface changed to sphere.reg.newtemplate
Target registration surface changed to sphere.reg

$Id: mri_surf2surf.c,v 1.103 2015/11/05 22:07:33 greve Exp $

setenv SUBJECTS_DIR /home/marco/Desktop/SUBJECTS_freeSurfer
cd /home/marco/Desktop/SUBJECTS_freeSurfer/FINAL_TEMPLATE
mri_surf2surf --mapmethod nnf --hemi rh --srcsubject 50002_recon --srcsurfreg sphere.reg.newtemplate --sval /home/marco/Desktop/SUBJECTS_freeSurfer/FINAL_TEMPLATE/label/tmpdir.annot2std.16548/seg.1.50002_recon.mgh --trgsubject FINAL_TEMPLATE --trgsurfreg sphere.reg --tval /home/marco/Desktop/SUBJECTS_freeSurfer/FINAL_TEMPLATE/label/tmpdir.annot2std.16548/seg.1.50002_recon.std.mgh 

sysname  Linux
hostname marco-Lenovo-Yoga-2-Pro
machine  x86_64
user     marco
srcsubject = 50002_recon
srcval     = /home/marco/Desktop/SUBJECTS_freeSurfer/FINAL_TEMPLATE/label/tmpdir.annot2std.16548/seg.1.50002_recon.mgh
srctype    = 
trgsubject = FINAL_TEMPLATE
trgval     = /home/marco/Desktop/SUBJECTS_freeSurfer/FINAL_TEMPLATE/label/tmpdir.annot2std.16548/seg.1.50002_recon.std.mgh
trgtype    = 
srcsurfreg = sphere.reg.newtemplate
trgsurfreg = sphere.reg
srchemi    = rh
trghemi    = rh
frame      = 0
fwhm-in    = 0
fwhm-out   = 0
label-src  = (null)
label-trg  = (null)
OKToRevFaceOrder  = 1
UseDualHemi = 0
Reading source surface reg /home/marco/Desktop/SUBJECTS_freeSurfer/50002_recon/surf/rh.sphere.reg.newtemplate
Loading source data
Converting source to float
Reading target surface reg /home/marco/Desktop/SUBJECTS_freeSurfer/FINAL_TEMPLATE/surf/rh.sphere.reg
Done
Using surf2surf_nnfr()
Mapping Source Volume onto Source Subject Surface
surf2surf_nnfr: building source hash (res=16).
Surf2Surf: Forward Loop (163842)

Surf2Surf: Dividing by number of hits (163842)
INFO: nSrcLost = 34453
nTrg121 = 163842, nTrgMulti =     0, MnTrgMultiHits = 0
nSrc121 = 92249, nSrcLost = 34453, nSrcMulti = 65801, MnSrcMultiHits = 1.08802
Saving target data
Saving to /home/marco/Desktop/SUBJECTS_freeSurfer/FINAL_TEMPLATE/label/tmpdir.annot2std.16548/seg.1.50002_recon.std.mgh
#@# 2/20 50003_MRI sab 25 feb 2017, 23.40.00, CET
mri_annotation2label --subject 50003_MRI --hemi rh --seg /home/marco/Desktop/SUBJECTS_freeSurfer/FINAL_TEMPLATE/label/tmpdir.annot2std.16548/seg.2.50003_MRI.mgh --ctab /home/marco/Desktop/SUBJECTS_freeSurfer/FINAL_TEMPLATE/label/tmpdir.annot2std.16548/seg.2.50003_MRI.ctab --annotation aparc --segbase 0
subject = 50003_MRI
annotation = aparc
hemi = rh
segfile = /home/marco/Desktop/SUBJECTS_freeSurfer/FINAL_TEMPLATE/label/tmpdir.annot2std.16548/seg.2.50003_MRI.mgh
surface   = white

Reading surface 
 /home/marco/Desktop/SUBJECTS_freeSurfer/50003_MRI/surf/rh.white
Loading annotations from /home/marco/Desktop/SUBJECTS_freeSurfer/50003_MRI/label/rh.aparc.annot
Seg base 0
Converting to a segmentation
mri_surf2surf --mapmethod nnf --hemi rh --srcsubject 50003_MRI --srcsurfreg sphere.reg.newtemplate --sval /home/marco/Desktop/SUBJECTS_freeSurfer/FINAL_TEMPLATE/label/tmpdir.annot2std.16548/seg.2.50003_MRI.mgh --trgsubject FINAL_TEMPLATE --trgsurfreg sphere.reg --tval /home/marco/Desktop/SUBJECTS_freeSurfer/FINAL_TEMPLATE/label/tmpdir.annot2std.16548/seg.2.50003_MRI.std.mgh
Source registration surface changed to sphere.reg.newtemplate
Target registration surface changed to sphere.reg

$Id: mri_surf2surf.c,v 1.103 2015/11/05 22:07:33 greve Exp $

setenv SUBJECTS_DIR /home/marco/Desktop/SUBJECTS_freeSurfer
cd /home/marco/Desktop/SUBJECTS_freeSurfer/FINAL_TEMPLATE
mri_surf2surf --mapmethod nnf --hemi rh --srcsubject 50003_MRI --srcsurfreg sphere.reg.newtemplate --sval /home/marco/Desktop/SUBJECTS_freeSurfer/FINAL_TEMPLATE/label/tmpdir.annot2std.16548/seg.2.50003_MRI.mgh --trgsubject FINAL_TEMPLATE --trgsurfreg sphere.reg --tval /home/marco/Desktop/SUBJECTS_freeSurfer/FINAL_TEMPLATE/label/tmpdir.annot2std.16548/seg.2.50003_MRI.std.mgh 

sysname  Linux
hostname marco-Lenovo-Yoga-2-Pro
machine  x86_64
user     marco
srcsubject = 50003_MRI
srcval     = /home/marco/Desktop/SUBJECTS_freeSurfer/FINAL_TEMPLATE/label/tmpdir.annot2std.16548/seg.2.50003_MRI.mgh
srctype    = 
trgsubject = FINAL_TEMPLATE
trgval     = /home/marco/Desktop/SUBJECTS_freeSurfer/FINAL_TEMPLATE/label/tmpdir.annot2std.16548/seg.2.50003_MRI.std.mgh
trgtype    = 
srcsurfreg = sphere.reg.newtemplate
trgsurfreg = sphere.reg
srchemi    = rh
trghemi    = rh
frame      = 0
fwhm-in    = 0
fwhm-out   = 0
label-src  = (null)
label-trg  = (null)
OKToRevFaceOrder  = 1
UseDualHemi = 0
Reading source surface reg /home/marco/Desktop/SUBJECTS_freeSurfer/50003_MRI/surf/rh.sphere.reg.newtemplate
Loading source data
Converting source to float
Reading target surface reg /home/marco/Desktop/SUBJECTS_freeSurfer/FINAL_TEMPLATE/surf/rh.sphere.reg
Done
Using surf2surf_nnfr()
Mapping Source Volume onto Source Subject Surface
surf2surf_nnfr: building source hash (res=16).
Surf2Surf: Forward Loop (163842)

Surf2Surf: Dividing by number of hits (163842)
INFO: nSrcLost = 30121
nTrg121 = 163842, nTrgMulti =     0, MnTrgMultiHits = 0
nSrc121 = 86321, nSrcLost = 30121, nSrcMulti = 63554, MnSrcMultiHits = 1.21977
Saving target data
Saving to /home/marco/Desktop/SUBJECTS_freeSurfer/FINAL_TEMPLATE/label/tmpdir.annot2std.16548/seg.2.50003_MRI.std.mgh
#@# 3/20 50004_MRI sab 25 feb 2017, 23.40.10, CET
mri_annotation2label --subject 50004_MRI --hemi rh --seg /home/marco/Desktop/SUBJECTS_freeSurfer/FINAL_TEMPLATE/label/tmpdir.annot2std.16548/seg.3.50004_MRI.mgh --ctab /home/marco/Desktop/SUBJECTS_freeSurfer/FINAL_TEMPLATE/label/tmpdir.annot2std.16548/seg.3.50004_MRI.ctab --annotation aparc --segbase 0
subject = 50004_MRI
annotation = aparc
hemi = rh
segfile = /home/marco/Desktop/SUBJECTS_freeSurfer/FINAL_TEMPLATE/label/tmpdir.annot2std.16548/seg.3.50004_MRI.mgh
surface   = white

Reading surface 
 /home/marco/Desktop/SUBJECTS_freeSurfer/50004_MRI/surf/rh.white
Loading annotations from /home/marco/Desktop/SUBJECTS_freeSurfer/50004_MRI/label/rh.aparc.annot
Seg base 0
Converting to a segmentation
mri_surf2surf --mapmethod nnf --hemi rh --srcsubject 50004_MRI --srcsurfreg sphere.reg.newtemplate --sval /home/marco/Desktop/SUBJECTS_freeSurfer/FINAL_TEMPLATE/label/tmpdir.annot2std.16548/seg.3.50004_MRI.mgh --trgsubject FINAL_TEMPLATE --trgsurfreg sphere.reg --tval /home/marco/Desktop/SUBJECTS_freeSurfer/FINAL_TEMPLATE/label/tmpdir.annot2std.16548/seg.3.50004_MRI.std.mgh
Source registration surface changed to sphere.reg.newtemplate
Target registration surface changed to sphere.reg

$Id: mri_surf2surf.c,v 1.103 2015/11/05 22:07:33 greve Exp $

setenv SUBJECTS_DIR /home/marco/Desktop/SUBJECTS_freeSurfer
cd /home/marco/Desktop/SUBJECTS_freeSurfer/FINAL_TEMPLATE
mri_surf2surf --mapmethod nnf --hemi rh --srcsubject 50004_MRI --srcsurfreg sphere.reg.newtemplate --sval /home/marco/Desktop/SUBJECTS_freeSurfer/FINAL_TEMPLATE/label/tmpdir.annot2std.16548/seg.3.50004_MRI.mgh --trgsubject FINAL_TEMPLATE --trgsurfreg sphere.reg --tval /home/marco/Desktop/SUBJECTS_freeSurfer/FINAL_TEMPLATE/label/tmpdir.annot2std.16548/seg.3.50004_MRI.std.mgh 

sysname  Linux
hostname marco-Lenovo-Yoga-2-Pro
machine  x86_64
user     marco
srcsubject = 50004_MRI
srcval     = /home/marco/Desktop/SUBJECTS_freeSurfer/FINAL_TEMPLATE/label/tmpdir.annot2std.16548/seg.3.50004_MRI.mgh
srctype    = 
trgsubject = FINAL_TEMPLATE
trgval     = /home/marco/Desktop/SUBJECTS_freeSurfer/FINAL_TEMPLATE/label/tmpdir.annot2std.16548/seg.3.50004_MRI.std.mgh
trgtype    = 
srcsurfreg = sphere.reg.newtemplate
trgsurfreg = sphere.reg
srchemi    = rh
trghemi    = rh
frame      = 0
fwhm-in    = 0
fwhm-out   = 0
label-src  = (null)
label-trg  = (null)
OKToRevFaceOrder  = 1
UseDualHemi = 0
Reading source surface reg /home/marco/Desktop/SUBJECTS_freeSurfer/50004_MRI/surf/rh.sphere.reg.newtemplate
Loading source data
Converting source to float
Reading target surface reg /home/marco/Desktop/SUBJECTS_freeSurfer/FINAL_TEMPLATE/surf/rh.sphere.reg
Done
Using surf2surf_nnfr()
Mapping Source Volume onto Source Subject Surface
surf2surf_nnfr: building source hash (res=16).
Surf2Surf: Forward Loop (163842)

Surf2Surf: Dividing by number of hits (163842)
INFO: nSrcLost = 29624
nTrg121 = 163842, nTrgMulti =     0, MnTrgMultiHits = 0
nSrc121 = 86888, nSrcLost = 29624, nSrcMulti = 62750, MnSrcMultiHits = 1.22636
Saving target data
Saving to /home/marco/Desktop/SUBJECTS_freeSurfer/FINAL_TEMPLATE/label/tmpdir.annot2std.16548/seg.3.50004_MRI.std.mgh
#@# 4/20 50005_MRI sab 25 feb 2017, 23.40.19, CET
mri_annotation2label --subject 50005_MRI --hemi rh --seg /home/marco/Desktop/SUBJECTS_freeSurfer/FINAL_TEMPLATE/label/tmpdir.annot2std.16548/seg.4.50005_MRI.mgh --ctab /home/marco/Desktop/SUBJECTS_freeSurfer/FINAL_TEMPLATE/label/tmpdir.annot2std.16548/seg.4.50005_MRI.ctab --annotation aparc --segbase 0
subject = 50005_MRI
annotation = aparc
hemi = rh
segfile = /home/marco/Desktop/SUBJECTS_freeSurfer/FINAL_TEMPLATE/label/tmpdir.annot2std.16548/seg.4.50005_MRI.mgh
surface   = white

Reading surface 
 /home/marco/Desktop/SUBJECTS_freeSurfer/50005_MRI/surf/rh.white
Loading annotations from /home/marco/Desktop/SUBJECTS_freeSurfer/50005_MRI/label/rh.aparc.annot
Seg base 0
Converting to a segmentation
mri_surf2surf --mapmethod nnf --hemi rh --srcsubject 50005_MRI --srcsurfreg sphere.reg.newtemplate --sval /home/marco/Desktop/SUBJECTS_freeSurfer/FINAL_TEMPLATE/label/tmpdir.annot2std.16548/seg.4.50005_MRI.mgh --trgsubject FINAL_TEMPLATE --trgsurfreg sphere.reg --tval /home/marco/Desktop/SUBJECTS_freeSurfer/FINAL_TEMPLATE/label/tmpdir.annot2std.16548/seg.4.50005_MRI.std.mgh
Source registration surface changed to sphere.reg.newtemplate
Target registration surface changed to sphere.reg

$Id: mri_surf2surf.c,v 1.103 2015/11/05 22:07:33 greve Exp $

setenv SUBJECTS_DIR /home/marco/Desktop/SUBJECTS_freeSurfer
cd /home/marco/Desktop/SUBJECTS_freeSurfer/FINAL_TEMPLATE
mri_surf2surf --mapmethod nnf --hemi rh --srcsubject 50005_MRI --srcsurfreg sphere.reg.newtemplate --sval /home/marco/Desktop/SUBJECTS_freeSurfer/FINAL_TEMPLATE/label/tmpdir.annot2std.16548/seg.4.50005_MRI.mgh --trgsubject FINAL_TEMPLATE --trgsurfreg sphere.reg --tval /home/marco/Desktop/SUBJECTS_freeSurfer/FINAL_TEMPLATE/label/tmpdir.annot2std.16548/seg.4.50005_MRI.std.mgh 

sysname  Linux
hostname marco-Lenovo-Yoga-2-Pro
machine  x86_64
user     marco
srcsubject = 50005_MRI
srcval     = /home/marco/Desktop/SUBJECTS_freeSurfer/FINAL_TEMPLATE/label/tmpdir.annot2std.16548/seg.4.50005_MRI.mgh
srctype    = 
trgsubject = FINAL_TEMPLATE
trgval     = /home/marco/Desktop/SUBJECTS_freeSurfer/FINAL_TEMPLATE/label/tmpdir.annot2std.16548/seg.4.50005_MRI.std.mgh
trgtype    = 
srcsurfreg = sphere.reg.newtemplate
trgsurfreg = sphere.reg
srchemi    = rh
trghemi    = rh
frame      = 0
fwhm-in    = 0
fwhm-out   = 0
label-src  = (null)
label-trg  = (null)
OKToRevFaceOrder  = 1
UseDualHemi = 0
Reading source surface reg /home/marco/Desktop/SUBJECTS_freeSurfer/50005_MRI/surf/rh.sphere.reg.newtemplate
Loading source data
Converting source to float
Reading target surface reg /home/marco/Desktop/SUBJECTS_freeSurfer/FINAL_TEMPLATE/surf/rh.sphere.reg
Done
Using surf2surf_nnfr()
Mapping Source Volume onto Source Subject Surface
surf2surf_nnfr: building source hash (res=16).
Surf2Surf: Forward Loop (163842)

Surf2Surf: Dividing by number of hits (163842)
INFO: nSrcLost = 23777
nTrg121 = 163842, nTrgMulti =     0, MnTrgMultiHits = 0
nSrc121 = 79454, nSrcLost = 23777, nSrcMulti = 59595, MnSrcMultiHits = 1.41602
Saving target data
Saving to /home/marco/Desktop/SUBJECTS_freeSurfer/FINAL_TEMPLATE/label/tmpdir.annot2std.16548/seg.4.50005_MRI.std.mgh
#@# 5/20 50006_MRI sab 25 feb 2017, 23.40.26, CET
mri_annotation2label --subject 50006_MRI --hemi rh --seg /home/marco/Desktop/SUBJECTS_freeSurfer/FINAL_TEMPLATE/label/tmpdir.annot2std.16548/seg.5.50006_MRI.mgh --ctab /home/marco/Desktop/SUBJECTS_freeSurfer/FINAL_TEMPLATE/label/tmpdir.annot2std.16548/seg.5.50006_MRI.ctab --annotation aparc --segbase 0
subject = 50006_MRI
annotation = aparc
hemi = rh
segfile = /home/marco/Desktop/SUBJECTS_freeSurfer/FINAL_TEMPLATE/label/tmpdir.annot2std.16548/seg.5.50006_MRI.mgh
surface   = white

Reading surface 
 /home/marco/Desktop/SUBJECTS_freeSurfer/50006_MRI/surf/rh.white
Loading annotations from /home/marco/Desktop/SUBJECTS_freeSurfer/50006_MRI/label/rh.aparc.annot
Seg base 0
Converting to a segmentation
mri_surf2surf --mapmethod nnf --hemi rh --srcsubject 50006_MRI --srcsurfreg sphere.reg.newtemplate --sval /home/marco/Desktop/SUBJECTS_freeSurfer/FINAL_TEMPLATE/label/tmpdir.annot2std.16548/seg.5.50006_MRI.mgh --trgsubject FINAL_TEMPLATE --trgsurfreg sphere.reg --tval /home/marco/Desktop/SUBJECTS_freeSurfer/FINAL_TEMPLATE/label/tmpdir.annot2std.16548/seg.5.50006_MRI.std.mgh
Source registration surface changed to sphere.reg.newtemplate
Target registration surface changed to sphere.reg

$Id: mri_surf2surf.c,v 1.103 2015/11/05 22:07:33 greve Exp $

setenv SUBJECTS_DIR /home/marco/Desktop/SUBJECTS_freeSurfer
cd /home/marco/Desktop/SUBJECTS_freeSurfer/FINAL_TEMPLATE
mri_surf2surf --mapmethod nnf --hemi rh --srcsubject 50006_MRI --srcsurfreg sphere.reg.newtemplate --sval /home/marco/Desktop/SUBJECTS_freeSurfer/FINAL_TEMPLATE/label/tmpdir.annot2std.16548/seg.5.50006_MRI.mgh --trgsubject FINAL_TEMPLATE --trgsurfreg sphere.reg --tval /home/marco/Desktop/SUBJECTS_freeSurfer/FINAL_TEMPLATE/label/tmpdir.annot2std.16548/seg.5.50006_MRI.std.mgh 

sysname  Linux
hostname marco-Lenovo-Yoga-2-Pro
machine  x86_64
user     marco
srcsubject = 50006_MRI
srcval     = /home/marco/Desktop/SUBJECTS_freeSurfer/FINAL_TEMPLATE/label/tmpdir.annot2std.16548/seg.5.50006_MRI.mgh
srctype    = 
trgsubject = FINAL_TEMPLATE
trgval     = /home/marco/Desktop/SUBJECTS_freeSurfer/FINAL_TEMPLATE/label/tmpdir.annot2std.16548/seg.5.50006_MRI.std.mgh
trgtype    = 
srcsurfreg = sphere.reg.newtemplate
trgsurfreg = sphere.reg
srchemi    = rh
trghemi    = rh
frame      = 0
fwhm-in    = 0
fwhm-out   = 0
label-src  = (null)
label-trg  = (null)
OKToRevFaceOrder  = 1
UseDualHemi = 0
Reading source surface reg /home/marco/Desktop/SUBJECTS_freeSurfer/50006_MRI/surf/rh.sphere.reg.newtemplate
Loading source data
Converting source to float
Reading target surface reg /home/marco/Desktop/SUBJECTS_freeSurfer/FINAL_TEMPLATE/surf/rh.sphere.reg
Done
Using surf2surf_nnfr()
Mapping Source Volume onto Source Subject Surface
surf2surf_nnfr: building source hash (res=16).
Surf2Surf: Forward Loop (163842)

Surf2Surf: Dividing by number of hits (163842)
INFO: nSrcLost = 32062
nTrg121 = 163842, nTrgMulti =     0, MnTrgMultiHits = 0
nSrc121 = 88117, nSrcLost = 32062, nSrcMulti = 64607, MnSrcMultiHits = 1.17209
Saving target data
Saving to /home/marco/Desktop/SUBJECTS_freeSurfer/FINAL_TEMPLATE/label/tmpdir.annot2std.16548/seg.5.50006_MRI.std.mgh
#@# 6/20 50007_MRI sab 25 feb 2017, 23.40.32, CET
mri_annotation2label --subject 50007_MRI --hemi rh --seg /home/marco/Desktop/SUBJECTS_freeSurfer/FINAL_TEMPLATE/label/tmpdir.annot2std.16548/seg.6.50007_MRI.mgh --ctab /home/marco/Desktop/SUBJECTS_freeSurfer/FINAL_TEMPLATE/label/tmpdir.annot2std.16548/seg.6.50007_MRI.ctab --annotation aparc --segbase 0
subject = 50007_MRI
annotation = aparc
hemi = rh
segfile = /home/marco/Desktop/SUBJECTS_freeSurfer/FINAL_TEMPLATE/label/tmpdir.annot2std.16548/seg.6.50007_MRI.mgh
surface   = white

Reading surface 
 /home/marco/Desktop/SUBJECTS_freeSurfer/50007_MRI/surf/rh.white
Loading annotations from /home/marco/Desktop/SUBJECTS_freeSurfer/50007_MRI/label/rh.aparc.annot
Seg base 0
Converting to a segmentation
mri_surf2surf --mapmethod nnf --hemi rh --srcsubject 50007_MRI --srcsurfreg sphere.reg.newtemplate --sval /home/marco/Desktop/SUBJECTS_freeSurfer/FINAL_TEMPLATE/label/tmpdir.annot2std.16548/seg.6.50007_MRI.mgh --trgsubject FINAL_TEMPLATE --trgsurfreg sphere.reg --tval /home/marco/Desktop/SUBJECTS_freeSurfer/FINAL_TEMPLATE/label/tmpdir.annot2std.16548/seg.6.50007_MRI.std.mgh
Source registration surface changed to sphere.reg.newtemplate
Target registration surface changed to sphere.reg

$Id: mri_surf2surf.c,v 1.103 2015/11/05 22:07:33 greve Exp $

setenv SUBJECTS_DIR /home/marco/Desktop/SUBJECTS_freeSurfer
cd /home/marco/Desktop/SUBJECTS_freeSurfer/FINAL_TEMPLATE
mri_surf2surf --mapmethod nnf --hemi rh --srcsubject 50007_MRI --srcsurfreg sphere.reg.newtemplate --sval /home/marco/Desktop/SUBJECTS_freeSurfer/FINAL_TEMPLATE/label/tmpdir.annot2std.16548/seg.6.50007_MRI.mgh --trgsubject FINAL_TEMPLATE --trgsurfreg sphere.reg --tval /home/marco/Desktop/SUBJECTS_freeSurfer/FINAL_TEMPLATE/label/tmpdir.annot2std.16548/seg.6.50007_MRI.std.mgh 

sysname  Linux
hostname marco-Lenovo-Yoga-2-Pro
machine  x86_64
user     marco
srcsubject = 50007_MRI
srcval     = /home/marco/Desktop/SUBJECTS_freeSurfer/FINAL_TEMPLATE/label/tmpdir.annot2std.16548/seg.6.50007_MRI.mgh
srctype    = 
trgsubject = FINAL_TEMPLATE
trgval     = /home/marco/Desktop/SUBJECTS_freeSurfer/FINAL_TEMPLATE/label/tmpdir.annot2std.16548/seg.6.50007_MRI.std.mgh
trgtype    = 
srcsurfreg = sphere.reg.newtemplate
trgsurfreg = sphere.reg
srchemi    = rh
trghemi    = rh
frame      = 0
fwhm-in    = 0
fwhm-out   = 0
label-src  = (null)
label-trg  = (null)
OKToRevFaceOrder  = 1
UseDualHemi = 0
Reading source surface reg /home/marco/Desktop/SUBJECTS_freeSurfer/50007_MRI/surf/rh.sphere.reg.newtemplate
Loading source data
Converting source to float
Reading target surface reg /home/marco/Desktop/SUBJECTS_freeSurfer/FINAL_TEMPLATE/surf/rh.sphere.reg
Done
Using surf2surf_nnfr()
Mapping Source Volume onto Source Subject Surface
surf2surf_nnfr: building source hash (res=16).
Surf2Surf: Forward Loop (163842)

Surf2Surf: Dividing by number of hits (163842)
INFO: nSrcLost = 50404
nTrg121 = 163842, nTrgMulti =     0, MnTrgMultiHits = 0
nSrc121 = 107670, nSrcLost = 50404, nSrcMulti = 74797, MnSrcMultiHits = 0.750993
Saving target data
Saving to /home/marco/Desktop/SUBJECTS_freeSurfer/FINAL_TEMPLATE/label/tmpdir.annot2std.16548/seg.6.50007_MRI.std.mgh
#@# 7/20 50008_MRI sab 25 feb 2017, 23.40.40, CET
mri_annotation2label --subject 50008_MRI --hemi rh --seg /home/marco/Desktop/SUBJECTS_freeSurfer/FINAL_TEMPLATE/label/tmpdir.annot2std.16548/seg.7.50008_MRI.mgh --ctab /home/marco/Desktop/SUBJECTS_freeSurfer/FINAL_TEMPLATE/label/tmpdir.annot2std.16548/seg.7.50008_MRI.ctab --annotation aparc --segbase 0
subject = 50008_MRI
annotation = aparc
hemi = rh
segfile = /home/marco/Desktop/SUBJECTS_freeSurfer/FINAL_TEMPLATE/label/tmpdir.annot2std.16548/seg.7.50008_MRI.mgh
surface   = white

Reading surface 
 /home/marco/Desktop/SUBJECTS_freeSurfer/50008_MRI/surf/rh.white
Loading annotations from /home/marco/Desktop/SUBJECTS_freeSurfer/50008_MRI/label/rh.aparc.annot
Seg base 0
Converting to a segmentation
mri_surf2surf --mapmethod nnf --hemi rh --srcsubject 50008_MRI --srcsurfreg sphere.reg.newtemplate --sval /home/marco/Desktop/SUBJECTS_freeSurfer/FINAL_TEMPLATE/label/tmpdir.annot2std.16548/seg.7.50008_MRI.mgh --trgsubject FINAL_TEMPLATE --trgsurfreg sphere.reg --tval /home/marco/Desktop/SUBJECTS_freeSurfer/FINAL_TEMPLATE/label/tmpdir.annot2std.16548/seg.7.50008_MRI.std.mgh
Source registration surface changed to sphere.reg.newtemplate
Target registration surface changed to sphere.reg

$Id: mri_surf2surf.c,v 1.103 2015/11/05 22:07:33 greve Exp $

setenv SUBJECTS_DIR /home/marco/Desktop/SUBJECTS_freeSurfer
cd /home/marco/Desktop/SUBJECTS_freeSurfer/FINAL_TEMPLATE
mri_surf2surf --mapmethod nnf --hemi rh --srcsubject 50008_MRI --srcsurfreg sphere.reg.newtemplate --sval /home/marco/Desktop/SUBJECTS_freeSurfer/FINAL_TEMPLATE/label/tmpdir.annot2std.16548/seg.7.50008_MRI.mgh --trgsubject FINAL_TEMPLATE --trgsurfreg sphere.reg --tval /home/marco/Desktop/SUBJECTS_freeSurfer/FINAL_TEMPLATE/label/tmpdir.annot2std.16548/seg.7.50008_MRI.std.mgh 

sysname  Linux
hostname marco-Lenovo-Yoga-2-Pro
machine  x86_64
user     marco
srcsubject = 50008_MRI
srcval     = /home/marco/Desktop/SUBJECTS_freeSurfer/FINAL_TEMPLATE/label/tmpdir.annot2std.16548/seg.7.50008_MRI.mgh
srctype    = 
trgsubject = FINAL_TEMPLATE
trgval     = /home/marco/Desktop/SUBJECTS_freeSurfer/FINAL_TEMPLATE/label/tmpdir.annot2std.16548/seg.7.50008_MRI.std.mgh
trgtype    = 
srcsurfreg = sphere.reg.newtemplate
trgsurfreg = sphere.reg
srchemi    = rh
trghemi    = rh
frame      = 0
fwhm-in    = 0
fwhm-out   = 0
label-src  = (null)
label-trg  = (null)
OKToRevFaceOrder  = 1
UseDualHemi = 0
Reading source surface reg /home/marco/Desktop/SUBJECTS_freeSurfer/50008_MRI/surf/rh.sphere.reg.newtemplate
Loading source data
Converting source to float
Reading target surface reg /home/marco/Desktop/SUBJECTS_freeSurfer/FINAL_TEMPLATE/surf/rh.sphere.reg
Done
Using surf2surf_nnfr()
Mapping Source Volume onto Source Subject Surface
surf2surf_nnfr: building source hash (res=16).
Surf2Surf: Forward Loop (163842)

Surf2Surf: Dividing by number of hits (163842)
INFO: nSrcLost = 27805
nTrg121 = 163842, nTrgMulti =     0, MnTrgMultiHits = 0
nSrc121 = 84711, nSrcLost = 27805, nSrcMulti = 61866, MnSrcMultiHits = 1.27907
Saving target data
Saving to /home/marco/Desktop/SUBJECTS_freeSurfer/FINAL_TEMPLATE/label/tmpdir.annot2std.16548/seg.7.50008_MRI.std.mgh
#@# 8/20 50009_MRI sab 25 feb 2017, 23.40.49, CET
mri_annotation2label --subject 50009_MRI --hemi rh --seg /home/marco/Desktop/SUBJECTS_freeSurfer/FINAL_TEMPLATE/label/tmpdir.annot2std.16548/seg.8.50009_MRI.mgh --ctab /home/marco/Desktop/SUBJECTS_freeSurfer/FINAL_TEMPLATE/label/tmpdir.annot2std.16548/seg.8.50009_MRI.ctab --annotation aparc --segbase 0
subject = 50009_MRI
annotation = aparc
hemi = rh
segfile = /home/marco/Desktop/SUBJECTS_freeSurfer/FINAL_TEMPLATE/label/tmpdir.annot2std.16548/seg.8.50009_MRI.mgh
surface   = white

Reading surface 
 /home/marco/Desktop/SUBJECTS_freeSurfer/50009_MRI/surf/rh.white
Loading annotations from /home/marco/Desktop/SUBJECTS_freeSurfer/50009_MRI/label/rh.aparc.annot
Seg base 0
Converting to a segmentation
mri_surf2surf --mapmethod nnf --hemi rh --srcsubject 50009_MRI --srcsurfreg sphere.reg.newtemplate --sval /home/marco/Desktop/SUBJECTS_freeSurfer/FINAL_TEMPLATE/label/tmpdir.annot2std.16548/seg.8.50009_MRI.mgh --trgsubject FINAL_TEMPLATE --trgsurfreg sphere.reg --tval /home/marco/Desktop/SUBJECTS_freeSurfer/FINAL_TEMPLATE/label/tmpdir.annot2std.16548/seg.8.50009_MRI.std.mgh
Source registration surface changed to sphere.reg.newtemplate
Target registration surface changed to sphere.reg

$Id: mri_surf2surf.c,v 1.103 2015/11/05 22:07:33 greve Exp $

setenv SUBJECTS_DIR /home/marco/Desktop/SUBJECTS_freeSurfer
cd /home/marco/Desktop/SUBJECTS_freeSurfer/FINAL_TEMPLATE
mri_surf2surf --mapmethod nnf --hemi rh --srcsubject 50009_MRI --srcsurfreg sphere.reg.newtemplate --sval /home/marco/Desktop/SUBJECTS_freeSurfer/FINAL_TEMPLATE/label/tmpdir.annot2std.16548/seg.8.50009_MRI.mgh --trgsubject FINAL_TEMPLATE --trgsurfreg sphere.reg --tval /home/marco/Desktop/SUBJECTS_freeSurfer/FINAL_TEMPLATE/label/tmpdir.annot2std.16548/seg.8.50009_MRI.std.mgh 

sysname  Linux
hostname marco-Lenovo-Yoga-2-Pro
machine  x86_64
user     marco
srcsubject = 50009_MRI
srcval     = /home/marco/Desktop/SUBJECTS_freeSurfer/FINAL_TEMPLATE/label/tmpdir.annot2std.16548/seg.8.50009_MRI.mgh
srctype    = 
trgsubject = FINAL_TEMPLATE
trgval     = /home/marco/Desktop/SUBJECTS_freeSurfer/FINAL_TEMPLATE/label/tmpdir.annot2std.16548/seg.8.50009_MRI.std.mgh
trgtype    = 
srcsurfreg = sphere.reg.newtemplate
trgsurfreg = sphere.reg
srchemi    = rh
trghemi    = rh
frame      = 0
fwhm-in    = 0
fwhm-out   = 0
label-src  = (null)
label-trg  = (null)
OKToRevFaceOrder  = 1
UseDualHemi = 0
Reading source surface reg /home/marco/Desktop/SUBJECTS_freeSurfer/50009_MRI/surf/rh.sphere.reg.newtemplate
Loading source data
Converting source to float
Reading target surface reg /home/marco/Desktop/SUBJECTS_freeSurfer/FINAL_TEMPLATE/surf/rh.sphere.reg
Done
Using surf2surf_nnfr()
Mapping Source Volume onto Source Subject Surface
surf2surf_nnfr: building source hash (res=16).
Surf2Surf: Forward Loop (163842)

Surf2Surf: Dividing by number of hits (163842)
INFO: nSrcLost = 33947
nTrg121 = 163842, nTrgMulti =     0, MnTrgMultiHits = 0
nSrc121 = 94691, nSrcLost = 33947, nSrcMulti = 64527, MnSrcMultiHits = 1.07166
Saving target data
Saving to /home/marco/Desktop/SUBJECTS_freeSurfer/FINAL_TEMPLATE/label/tmpdir.annot2std.16548/seg.8.50009_MRI.std.mgh
#@# 9/20 50010_MRI sab 25 feb 2017, 23.40.59, CET
mri_annotation2label --subject 50010_MRI --hemi rh --seg /home/marco/Desktop/SUBJECTS_freeSurfer/FINAL_TEMPLATE/label/tmpdir.annot2std.16548/seg.9.50010_MRI.mgh --ctab /home/marco/Desktop/SUBJECTS_freeSurfer/FINAL_TEMPLATE/label/tmpdir.annot2std.16548/seg.9.50010_MRI.ctab --annotation aparc --segbase 0
subject = 50010_MRI
annotation = aparc
hemi = rh
segfile = /home/marco/Desktop/SUBJECTS_freeSurfer/FINAL_TEMPLATE/label/tmpdir.annot2std.16548/seg.9.50010_MRI.mgh
surface   = white

Reading surface 
 /home/marco/Desktop/SUBJECTS_freeSurfer/50010_MRI/surf/rh.white
Loading annotations from /home/marco/Desktop/SUBJECTS_freeSurfer/50010_MRI/label/rh.aparc.annot
Seg base 0
Converting to a segmentation
mri_surf2surf --mapmethod nnf --hemi rh --srcsubject 50010_MRI --srcsurfreg sphere.reg.newtemplate --sval /home/marco/Desktop/SUBJECTS_freeSurfer/FINAL_TEMPLATE/label/tmpdir.annot2std.16548/seg.9.50010_MRI.mgh --trgsubject FINAL_TEMPLATE --trgsurfreg sphere.reg --tval /home/marco/Desktop/SUBJECTS_freeSurfer/FINAL_TEMPLATE/label/tmpdir.annot2std.16548/seg.9.50010_MRI.std.mgh
Source registration surface changed to sphere.reg.newtemplate
Target registration surface changed to sphere.reg

$Id: mri_surf2surf.c,v 1.103 2015/11/05 22:07:33 greve Exp $

setenv SUBJECTS_DIR /home/marco/Desktop/SUBJECTS_freeSurfer
cd /home/marco/Desktop/SUBJECTS_freeSurfer/FINAL_TEMPLATE
mri_surf2surf --mapmethod nnf --hemi rh --srcsubject 50010_MRI --srcsurfreg sphere.reg.newtemplate --sval /home/marco/Desktop/SUBJECTS_freeSurfer/FINAL_TEMPLATE/label/tmpdir.annot2std.16548/seg.9.50010_MRI.mgh --trgsubject FINAL_TEMPLATE --trgsurfreg sphere.reg --tval /home/marco/Desktop/SUBJECTS_freeSurfer/FINAL_TEMPLATE/label/tmpdir.annot2std.16548/seg.9.50010_MRI.std.mgh 

sysname  Linux
hostname marco-Lenovo-Yoga-2-Pro
machine  x86_64
user     marco
srcsubject = 50010_MRI
srcval     = /home/marco/Desktop/SUBJECTS_freeSurfer/FINAL_TEMPLATE/label/tmpdir.annot2std.16548/seg.9.50010_MRI.mgh
srctype    = 
trgsubject = FINAL_TEMPLATE
trgval     = /home/marco/Desktop/SUBJECTS_freeSurfer/FINAL_TEMPLATE/label/tmpdir.annot2std.16548/seg.9.50010_MRI.std.mgh
trgtype    = 
srcsurfreg = sphere.reg.newtemplate
trgsurfreg = sphere.reg
srchemi    = rh
trghemi    = rh
frame      = 0
fwhm-in    = 0
fwhm-out   = 0
label-src  = (null)
label-trg  = (null)
OKToRevFaceOrder  = 1
UseDualHemi = 0
Reading source surface reg /home/marco/Desktop/SUBJECTS_freeSurfer/50010_MRI/surf/rh.sphere.reg.newtemplate
Loading source data
Converting source to float
Reading target surface reg /home/marco/Desktop/SUBJECTS_freeSurfer/FINAL_TEMPLATE/surf/rh.sphere.reg
Done
Using surf2surf_nnfr()
Mapping Source Volume onto Source Subject Surface
surf2surf_nnfr: building source hash (res=16).
Surf2Surf: Forward Loop (163842)

Surf2Surf: Dividing by number of hits (163842)
INFO: nSrcLost = 8964
nTrg121 = 163842, nTrgMulti =     0, MnTrgMultiHits = 0
nSrc121 = 45320, nSrcLost =  8964, nSrcMulti = 56615, MnSrcMultiHits = 2.09347
Saving target data
Saving to /home/marco/Desktop/SUBJECTS_freeSurfer/FINAL_TEMPLATE/label/tmpdir.annot2std.16548/seg.9.50010_MRI.std.mgh
#@# 10/20 50011_MRI sab 25 feb 2017, 23.41.06, CET
mri_annotation2label --subject 50011_MRI --hemi rh --seg /home/marco/Desktop/SUBJECTS_freeSurfer/FINAL_TEMPLATE/label/tmpdir.annot2std.16548/seg.10.50011_MRI.mgh --ctab /home/marco/Desktop/SUBJECTS_freeSurfer/FINAL_TEMPLATE/label/tmpdir.annot2std.16548/seg.10.50011_MRI.ctab --annotation aparc --segbase 0
subject = 50011_MRI
annotation = aparc
hemi = rh
segfile = /home/marco/Desktop/SUBJECTS_freeSurfer/FINAL_TEMPLATE/label/tmpdir.annot2std.16548/seg.10.50011_MRI.mgh
surface   = white

Reading surface 
 /home/marco/Desktop/SUBJECTS_freeSurfer/50011_MRI/surf/rh.white
Loading annotations from /home/marco/Desktop/SUBJECTS_freeSurfer/50011_MRI/label/rh.aparc.annot
Seg base 0
Converting to a segmentation
mri_surf2surf --mapmethod nnf --hemi rh --srcsubject 50011_MRI --srcsurfreg sphere.reg.newtemplate --sval /home/marco/Desktop/SUBJECTS_freeSurfer/FINAL_TEMPLATE/label/tmpdir.annot2std.16548/seg.10.50011_MRI.mgh --trgsubject FINAL_TEMPLATE --trgsurfreg sphere.reg --tval /home/marco/Desktop/SUBJECTS_freeSurfer/FINAL_TEMPLATE/label/tmpdir.annot2std.16548/seg.10.50011_MRI.std.mgh
Source registration surface changed to sphere.reg.newtemplate
Target registration surface changed to sphere.reg

$Id: mri_surf2surf.c,v 1.103 2015/11/05 22:07:33 greve Exp $

setenv SUBJECTS_DIR /home/marco/Desktop/SUBJECTS_freeSurfer
cd /home/marco/Desktop/SUBJECTS_freeSurfer/FINAL_TEMPLATE
mri_surf2surf --mapmethod nnf --hemi rh --srcsubject 50011_MRI --srcsurfreg sphere.reg.newtemplate --sval /home/marco/Desktop/SUBJECTS_freeSurfer/FINAL_TEMPLATE/label/tmpdir.annot2std.16548/seg.10.50011_MRI.mgh --trgsubject FINAL_TEMPLATE --trgsurfreg sphere.reg --tval /home/marco/Desktop/SUBJECTS_freeSurfer/FINAL_TEMPLATE/label/tmpdir.annot2std.16548/seg.10.50011_MRI.std.mgh 

sysname  Linux
hostname marco-Lenovo-Yoga-2-Pro
machine  x86_64
user     marco
srcsubject = 50011_MRI
srcval     = /home/marco/Desktop/SUBJECTS_freeSurfer/FINAL_TEMPLATE/label/tmpdir.annot2std.16548/seg.10.50011_MRI.mgh
srctype    = 
trgsubject = FINAL_TEMPLATE
trgval     = /home/marco/Desktop/SUBJECTS_freeSurfer/FINAL_TEMPLATE/label/tmpdir.annot2std.16548/seg.10.50011_MRI.std.mgh
trgtype    = 
srcsurfreg = sphere.reg.newtemplate
trgsurfreg = sphere.reg
srchemi    = rh
trghemi    = rh
frame      = 0
fwhm-in    = 0
fwhm-out   = 0
label-src  = (null)
label-trg  = (null)
OKToRevFaceOrder  = 1
UseDualHemi = 0
Reading source surface reg /home/marco/Desktop/SUBJECTS_freeSurfer/50011_MRI/surf/rh.sphere.reg.newtemplate
Loading source data
Converting source to float
Reading target surface reg /home/marco/Desktop/SUBJECTS_freeSurfer/FINAL_TEMPLATE/surf/rh.sphere.reg
Done
Using surf2surf_nnfr()
Mapping Source Volume onto Source Subject Surface
surf2surf_nnfr: building source hash (res=16).
Surf2Surf: Forward Loop (163842)

Surf2Surf: Dividing by number of hits (163842)
INFO: nSrcLost = 43104
nTrg121 = 163842, nTrgMulti =     0, MnTrgMultiHits = 0
nSrc121 = 104504, nSrcLost = 43104, nSrcMulti = 69412, MnSrcMultiHits = 0.854867
Saving target data
Saving to /home/marco/Desktop/SUBJECTS_freeSurfer/FINAL_TEMPLATE/label/tmpdir.annot2std.16548/seg.10.50011_MRI.std.mgh
#@# 11/20 50012_MRI sab 25 feb 2017, 23.41.14, CET
mri_annotation2label --subject 50012_MRI --hemi rh --seg /home/marco/Desktop/SUBJECTS_freeSurfer/FINAL_TEMPLATE/label/tmpdir.annot2std.16548/seg.11.50012_MRI.mgh --ctab /home/marco/Desktop/SUBJECTS_freeSurfer/FINAL_TEMPLATE/label/tmpdir.annot2std.16548/seg.11.50012_MRI.ctab --annotation aparc --segbase 0
subject = 50012_MRI
annotation = aparc
hemi = rh
segfile = /home/marco/Desktop/SUBJECTS_freeSurfer/FINAL_TEMPLATE/label/tmpdir.annot2std.16548/seg.11.50012_MRI.mgh
surface   = white

Reading surface 
 /home/marco/Desktop/SUBJECTS_freeSurfer/50012_MRI/surf/rh.white
Loading annotations from /home/marco/Desktop/SUBJECTS_freeSurfer/50012_MRI/label/rh.aparc.annot
Seg base 0
Converting to a segmentation
mri_surf2surf --mapmethod nnf --hemi rh --srcsubject 50012_MRI --srcsurfreg sphere.reg.newtemplate --sval /home/marco/Desktop/SUBJECTS_freeSurfer/FINAL_TEMPLATE/label/tmpdir.annot2std.16548/seg.11.50012_MRI.mgh --trgsubject FINAL_TEMPLATE --trgsurfreg sphere.reg --tval /home/marco/Desktop/SUBJECTS_freeSurfer/FINAL_TEMPLATE/label/tmpdir.annot2std.16548/seg.11.50012_MRI.std.mgh
Source registration surface changed to sphere.reg.newtemplate
Target registration surface changed to sphere.reg

$Id: mri_surf2surf.c,v 1.103 2015/11/05 22:07:33 greve Exp $

setenv SUBJECTS_DIR /home/marco/Desktop/SUBJECTS_freeSurfer
cd /home/marco/Desktop/SUBJECTS_freeSurfer/FINAL_TEMPLATE
mri_surf2surf --mapmethod nnf --hemi rh --srcsubject 50012_MRI --srcsurfreg sphere.reg.newtemplate --sval /home/marco/Desktop/SUBJECTS_freeSurfer/FINAL_TEMPLATE/label/tmpdir.annot2std.16548/seg.11.50012_MRI.mgh --trgsubject FINAL_TEMPLATE --trgsurfreg sphere.reg --tval /home/marco/Desktop/SUBJECTS_freeSurfer/FINAL_TEMPLATE/label/tmpdir.annot2std.16548/seg.11.50012_MRI.std.mgh 

sysname  Linux
hostname marco-Lenovo-Yoga-2-Pro
machine  x86_64
user     marco
srcsubject = 50012_MRI
srcval     = /home/marco/Desktop/SUBJECTS_freeSurfer/FINAL_TEMPLATE/label/tmpdir.annot2std.16548/seg.11.50012_MRI.mgh
srctype    = 
trgsubject = FINAL_TEMPLATE
trgval     = /home/marco/Desktop/SUBJECTS_freeSurfer/FINAL_TEMPLATE/label/tmpdir.annot2std.16548/seg.11.50012_MRI.std.mgh
trgtype    = 
srcsurfreg = sphere.reg.newtemplate
trgsurfreg = sphere.reg
srchemi    = rh
trghemi    = rh
frame      = 0
fwhm-in    = 0
fwhm-out   = 0
label-src  = (null)
label-trg  = (null)
OKToRevFaceOrder  = 1
UseDualHemi = 0
Reading source surface reg /home/marco/Desktop/SUBJECTS_freeSurfer/50012_MRI/surf/rh.sphere.reg.newtemplate
Loading source data
Converting source to float
Reading target surface reg /home/marco/Desktop/SUBJECTS_freeSurfer/FINAL_TEMPLATE/surf/rh.sphere.reg
Done
Using surf2surf_nnfr()
Mapping Source Volume onto Source Subject Surface
surf2surf_nnfr: building source hash (res=16).
Surf2Surf: Forward Loop (163842)

Surf2Surf: Dividing by number of hits (163842)
INFO: nSrcLost = 23181
nTrg121 = 163842, nTrgMulti =     0, MnTrgMultiHits = 0
nSrc121 = 80328, nSrcLost = 23181, nSrcMulti = 59510, MnSrcMultiHits = 1.40336
Saving target data
Saving to /home/marco/Desktop/SUBJECTS_freeSurfer/FINAL_TEMPLATE/label/tmpdir.annot2std.16548/seg.11.50012_MRI.std.mgh
#@# 12/20 50013_MRI sab 25 feb 2017, 23.41.22, CET
mri_annotation2label --subject 50013_MRI --hemi rh --seg /home/marco/Desktop/SUBJECTS_freeSurfer/FINAL_TEMPLATE/label/tmpdir.annot2std.16548/seg.12.50013_MRI.mgh --ctab /home/marco/Desktop/SUBJECTS_freeSurfer/FINAL_TEMPLATE/label/tmpdir.annot2std.16548/seg.12.50013_MRI.ctab --annotation aparc --segbase 0
subject = 50013_MRI
annotation = aparc
hemi = rh
segfile = /home/marco/Desktop/SUBJECTS_freeSurfer/FINAL_TEMPLATE/label/tmpdir.annot2std.16548/seg.12.50013_MRI.mgh
surface   = white

Reading surface 
 /home/marco/Desktop/SUBJECTS_freeSurfer/50013_MRI/surf/rh.white
Loading annotations from /home/marco/Desktop/SUBJECTS_freeSurfer/50013_MRI/label/rh.aparc.annot
Seg base 0
Converting to a segmentation
mri_surf2surf --mapmethod nnf --hemi rh --srcsubject 50013_MRI --srcsurfreg sphere.reg.newtemplate --sval /home/marco/Desktop/SUBJECTS_freeSurfer/FINAL_TEMPLATE/label/tmpdir.annot2std.16548/seg.12.50013_MRI.mgh --trgsubject FINAL_TEMPLATE --trgsurfreg sphere.reg --tval /home/marco/Desktop/SUBJECTS_freeSurfer/FINAL_TEMPLATE/label/tmpdir.annot2std.16548/seg.12.50013_MRI.std.mgh
Source registration surface changed to sphere.reg.newtemplate
Target registration surface changed to sphere.reg

$Id: mri_surf2surf.c,v 1.103 2015/11/05 22:07:33 greve Exp $

setenv SUBJECTS_DIR /home/marco/Desktop/SUBJECTS_freeSurfer
cd /home/marco/Desktop/SUBJECTS_freeSurfer/FINAL_TEMPLATE
mri_surf2surf --mapmethod nnf --hemi rh --srcsubject 50013_MRI --srcsurfreg sphere.reg.newtemplate --sval /home/marco/Desktop/SUBJECTS_freeSurfer/FINAL_TEMPLATE/label/tmpdir.annot2std.16548/seg.12.50013_MRI.mgh --trgsubject FINAL_TEMPLATE --trgsurfreg sphere.reg --tval /home/marco/Desktop/SUBJECTS_freeSurfer/FINAL_TEMPLATE/label/tmpdir.annot2std.16548/seg.12.50013_MRI.std.mgh 

sysname  Linux
hostname marco-Lenovo-Yoga-2-Pro
machine  x86_64
user     marco
srcsubject = 50013_MRI
srcval     = /home/marco/Desktop/SUBJECTS_freeSurfer/FINAL_TEMPLATE/label/tmpdir.annot2std.16548/seg.12.50013_MRI.mgh
srctype    = 
trgsubject = FINAL_TEMPLATE
trgval     = /home/marco/Desktop/SUBJECTS_freeSurfer/FINAL_TEMPLATE/label/tmpdir.annot2std.16548/seg.12.50013_MRI.std.mgh
trgtype    = 
srcsurfreg = sphere.reg.newtemplate
trgsurfreg = sphere.reg
srchemi    = rh
trghemi    = rh
frame      = 0
fwhm-in    = 0
fwhm-out   = 0
label-src  = (null)
label-trg  = (null)
OKToRevFaceOrder  = 1
UseDualHemi = 0
Reading source surface reg /home/marco/Desktop/SUBJECTS_freeSurfer/50013_MRI/surf/rh.sphere.reg.newtemplate
Loading source data
Converting source to float
Reading target surface reg /home/marco/Desktop/SUBJECTS_freeSurfer/FINAL_TEMPLATE/surf/rh.sphere.reg
Done
Using surf2surf_nnfr()
Mapping Source Volume onto Source Subject Surface
surf2surf_nnfr: building source hash (res=16).
Surf2Surf: Forward Loop (163842)

Surf2Surf: Dividing by number of hits (163842)
INFO: nSrcLost = 20249
nTrg121 = 163842, nTrgMulti =     0, MnTrgMultiHits = 0
nSrc121 = 73333, nSrcLost = 20249, nSrcMulti = 59062, MnSrcMultiHits = 1.53244
Saving target data
Saving to /home/marco/Desktop/SUBJECTS_freeSurfer/FINAL_TEMPLATE/label/tmpdir.annot2std.16548/seg.12.50013_MRI.std.mgh
#@# 13/20 50014 sab 25 feb 2017, 23.41.31, CET
mri_annotation2label --subject 50014 --hemi rh --seg /home/marco/Desktop/SUBJECTS_freeSurfer/FINAL_TEMPLATE/label/tmpdir.annot2std.16548/seg.13.50014.mgh --ctab /home/marco/Desktop/SUBJECTS_freeSurfer/FINAL_TEMPLATE/label/tmpdir.annot2std.16548/seg.13.50014.ctab --annotation aparc --segbase 0
subject = 50014
annotation = aparc
hemi = rh
segfile = /home/marco/Desktop/SUBJECTS_freeSurfer/FINAL_TEMPLATE/label/tmpdir.annot2std.16548/seg.13.50014.mgh
surface   = white

Reading surface 
 /home/marco/Desktop/SUBJECTS_freeSurfer/50014/surf/rh.white
Loading annotations from /home/marco/Desktop/SUBJECTS_freeSurfer/50014/label/rh.aparc.annot
Seg base 0
Converting to a segmentation
mri_surf2surf --mapmethod nnf --hemi rh --srcsubject 50014 --srcsurfreg sphere.reg.newtemplate --sval /home/marco/Desktop/SUBJECTS_freeSurfer/FINAL_TEMPLATE/label/tmpdir.annot2std.16548/seg.13.50014.mgh --trgsubject FINAL_TEMPLATE --trgsurfreg sphere.reg --tval /home/marco/Desktop/SUBJECTS_freeSurfer/FINAL_TEMPLATE/label/tmpdir.annot2std.16548/seg.13.50014.std.mgh
Source registration surface changed to sphere.reg.newtemplate
Target registration surface changed to sphere.reg

$Id: mri_surf2surf.c,v 1.103 2015/11/05 22:07:33 greve Exp $

setenv SUBJECTS_DIR /home/marco/Desktop/SUBJECTS_freeSurfer
cd /home/marco/Desktop/SUBJECTS_freeSurfer/FINAL_TEMPLATE
mri_surf2surf --mapmethod nnf --hemi rh --srcsubject 50014 --srcsurfreg sphere.reg.newtemplate --sval /home/marco/Desktop/SUBJECTS_freeSurfer/FINAL_TEMPLATE/label/tmpdir.annot2std.16548/seg.13.50014.mgh --trgsubject FINAL_TEMPLATE --trgsurfreg sphere.reg --tval /home/marco/Desktop/SUBJECTS_freeSurfer/FINAL_TEMPLATE/label/tmpdir.annot2std.16548/seg.13.50014.std.mgh 

sysname  Linux
hostname marco-Lenovo-Yoga-2-Pro
machine  x86_64
user     marco
srcsubject = 50014
srcval     = /home/marco/Desktop/SUBJECTS_freeSurfer/FINAL_TEMPLATE/label/tmpdir.annot2std.16548/seg.13.50014.mgh
srctype    = 
trgsubject = FINAL_TEMPLATE
trgval     = /home/marco/Desktop/SUBJECTS_freeSurfer/FINAL_TEMPLATE/label/tmpdir.annot2std.16548/seg.13.50014.std.mgh
trgtype    = 
srcsurfreg = sphere.reg.newtemplate
trgsurfreg = sphere.reg
srchemi    = rh
trghemi    = rh
frame      = 0
fwhm-in    = 0
fwhm-out   = 0
label-src  = (null)
label-trg  = (null)
OKToRevFaceOrder  = 1
UseDualHemi = 0
Reading source surface reg /home/marco/Desktop/SUBJECTS_freeSurfer/50014/surf/rh.sphere.reg.newtemplate
Loading source data
Converting source to float
Reading target surface reg /home/marco/Desktop/SUBJECTS_freeSurfer/FINAL_TEMPLATE/surf/rh.sphere.reg
Done
Using surf2surf_nnfr()
Mapping Source Volume onto Source Subject Surface
surf2surf_nnfr: building source hash (res=16).
Surf2Surf: Forward Loop (163842)

Surf2Surf: Dividing by number of hits (163842)
INFO: nSrcLost = 27804
nTrg121 = 163842, nTrgMulti =     0, MnTrgMultiHits = 0
nSrc121 = 82365, nSrcLost = 27804, nSrcMulti = 63190, MnSrcMultiHits = 1.2894
Saving target data
Saving to /home/marco/Desktop/SUBJECTS_freeSurfer/FINAL_TEMPLATE/label/tmpdir.annot2std.16548/seg.13.50014.std.mgh
#@# 14/20 50015 sab 25 feb 2017, 23.41.38, CET
mri_annotation2label --subject 50015 --hemi rh --seg /home/marco/Desktop/SUBJECTS_freeSurfer/FINAL_TEMPLATE/label/tmpdir.annot2std.16548/seg.14.50015.mgh --ctab /home/marco/Desktop/SUBJECTS_freeSurfer/FINAL_TEMPLATE/label/tmpdir.annot2std.16548/seg.14.50015.ctab --annotation aparc --segbase 0
subject = 50015
annotation = aparc
hemi = rh
segfile = /home/marco/Desktop/SUBJECTS_freeSurfer/FINAL_TEMPLATE/label/tmpdir.annot2std.16548/seg.14.50015.mgh
surface   = white

Reading surface 
 /home/marco/Desktop/SUBJECTS_freeSurfer/50015/surf/rh.white
Loading annotations from /home/marco/Desktop/SUBJECTS_freeSurfer/50015/label/rh.aparc.annot
Seg base 0
Converting to a segmentation
mri_surf2surf --mapmethod nnf --hemi rh --srcsubject 50015 --srcsurfreg sphere.reg.newtemplate --sval /home/marco/Desktop/SUBJECTS_freeSurfer/FINAL_TEMPLATE/label/tmpdir.annot2std.16548/seg.14.50015.mgh --trgsubject FINAL_TEMPLATE --trgsurfreg sphere.reg --tval /home/marco/Desktop/SUBJECTS_freeSurfer/FINAL_TEMPLATE/label/tmpdir.annot2std.16548/seg.14.50015.std.mgh
Source registration surface changed to sphere.reg.newtemplate
Target registration surface changed to sphere.reg

$Id: mri_surf2surf.c,v 1.103 2015/11/05 22:07:33 greve Exp $

setenv SUBJECTS_DIR /home/marco/Desktop/SUBJECTS_freeSurfer
cd /home/marco/Desktop/SUBJECTS_freeSurfer/FINAL_TEMPLATE
mri_surf2surf --mapmethod nnf --hemi rh --srcsubject 50015 --srcsurfreg sphere.reg.newtemplate --sval /home/marco/Desktop/SUBJECTS_freeSurfer/FINAL_TEMPLATE/label/tmpdir.annot2std.16548/seg.14.50015.mgh --trgsubject FINAL_TEMPLATE --trgsurfreg sphere.reg --tval /home/marco/Desktop/SUBJECTS_freeSurfer/FINAL_TEMPLATE/label/tmpdir.annot2std.16548/seg.14.50015.std.mgh 

sysname  Linux
hostname marco-Lenovo-Yoga-2-Pro
machine  x86_64
user     marco
srcsubject = 50015
srcval     = /home/marco/Desktop/SUBJECTS_freeSurfer/FINAL_TEMPLATE/label/tmpdir.annot2std.16548/seg.14.50015.mgh
srctype    = 
trgsubject = FINAL_TEMPLATE
trgval     = /home/marco/Desktop/SUBJECTS_freeSurfer/FINAL_TEMPLATE/label/tmpdir.annot2std.16548/seg.14.50015.std.mgh
trgtype    = 
srcsurfreg = sphere.reg.newtemplate
trgsurfreg = sphere.reg
srchemi    = rh
trghemi    = rh
frame      = 0
fwhm-in    = 0
fwhm-out   = 0
label-src  = (null)
label-trg  = (null)
OKToRevFaceOrder  = 1
UseDualHemi = 0
Reading source surface reg /home/marco/Desktop/SUBJECTS_freeSurfer/50015/surf/rh.sphere.reg.newtemplate
Loading source data
Converting source to float
Reading target surface reg /home/marco/Desktop/SUBJECTS_freeSurfer/FINAL_TEMPLATE/surf/rh.sphere.reg
Done
Using surf2surf_nnfr()
Mapping Source Volume onto Source Subject Surface
surf2surf_nnfr: building source hash (res=16).
Surf2Surf: Forward Loop (163842)

Surf2Surf: Dividing by number of hits (163842)
INFO: nSrcLost = 26332
nTrg121 = 163842, nTrgMulti =     0, MnTrgMultiHits = 0
nSrc121 = 83747, nSrcLost = 26332, nSrcMulti = 61381, MnSrcMultiHits = 1.30488
Saving target data
Saving to /home/marco/Desktop/SUBJECTS_freeSurfer/FINAL_TEMPLATE/label/tmpdir.annot2std.16548/seg.14.50015.std.mgh
#@# 15/20 50016 sab 25 feb 2017, 23.41.46, CET
mri_annotation2label --subject 50016 --hemi rh --seg /home/marco/Desktop/SUBJECTS_freeSurfer/FINAL_TEMPLATE/label/tmpdir.annot2std.16548/seg.15.50016.mgh --ctab /home/marco/Desktop/SUBJECTS_freeSurfer/FINAL_TEMPLATE/label/tmpdir.annot2std.16548/seg.15.50016.ctab --annotation aparc --segbase 0
subject = 50016
annotation = aparc
hemi = rh
segfile = /home/marco/Desktop/SUBJECTS_freeSurfer/FINAL_TEMPLATE/label/tmpdir.annot2std.16548/seg.15.50016.mgh
surface   = white

Reading surface 
 /home/marco/Desktop/SUBJECTS_freeSurfer/50016/surf/rh.white
Loading annotations from /home/marco/Desktop/SUBJECTS_freeSurfer/50016/label/rh.aparc.annot
Seg base 0
Converting to a segmentation
mri_surf2surf --mapmethod nnf --hemi rh --srcsubject 50016 --srcsurfreg sphere.reg.newtemplate --sval /home/marco/Desktop/SUBJECTS_freeSurfer/FINAL_TEMPLATE/label/tmpdir.annot2std.16548/seg.15.50016.mgh --trgsubject FINAL_TEMPLATE --trgsurfreg sphere.reg --tval /home/marco/Desktop/SUBJECTS_freeSurfer/FINAL_TEMPLATE/label/tmpdir.annot2std.16548/seg.15.50016.std.mgh
Source registration surface changed to sphere.reg.newtemplate
Target registration surface changed to sphere.reg

$Id: mri_surf2surf.c,v 1.103 2015/11/05 22:07:33 greve Exp $

setenv SUBJECTS_DIR /home/marco/Desktop/SUBJECTS_freeSurfer
cd /home/marco/Desktop/SUBJECTS_freeSurfer/FINAL_TEMPLATE
mri_surf2surf --mapmethod nnf --hemi rh --srcsubject 50016 --srcsurfreg sphere.reg.newtemplate --sval /home/marco/Desktop/SUBJECTS_freeSurfer/FINAL_TEMPLATE/label/tmpdir.annot2std.16548/seg.15.50016.mgh --trgsubject FINAL_TEMPLATE --trgsurfreg sphere.reg --tval /home/marco/Desktop/SUBJECTS_freeSurfer/FINAL_TEMPLATE/label/tmpdir.annot2std.16548/seg.15.50016.std.mgh 

sysname  Linux
hostname marco-Lenovo-Yoga-2-Pro
machine  x86_64
user     marco
srcsubject = 50016
srcval     = /home/marco/Desktop/SUBJECTS_freeSurfer/FINAL_TEMPLATE/label/tmpdir.annot2std.16548/seg.15.50016.mgh
srctype    = 
trgsubject = FINAL_TEMPLATE
trgval     = /home/marco/Desktop/SUBJECTS_freeSurfer/FINAL_TEMPLATE/label/tmpdir.annot2std.16548/seg.15.50016.std.mgh
trgtype    = 
srcsurfreg = sphere.reg.newtemplate
trgsurfreg = sphere.reg
srchemi    = rh
trghemi    = rh
frame      = 0
fwhm-in    = 0
fwhm-out   = 0
label-src  = (null)
label-trg  = (null)
OKToRevFaceOrder  = 1
UseDualHemi = 0
Reading source surface reg /home/marco/Desktop/SUBJECTS_freeSurfer/50016/surf/rh.sphere.reg.newtemplate
Loading source data
Converting source to float
Reading target surface reg /home/marco/Desktop/SUBJECTS_freeSurfer/FINAL_TEMPLATE/surf/rh.sphere.reg
Done
Using surf2surf_nnfr()
Mapping Source Volume onto Source Subject Surface
surf2surf_nnfr: building source hash (res=16).
Surf2Surf: Forward Loop (163842)

Surf2Surf: Dividing by number of hits (163842)
INFO: nSrcLost = 53506
nTrg121 = 163842, nTrgMulti =     0, MnTrgMultiHits = 0
nSrc121 = 112799, nSrcLost = 53506, nSrcMulti = 75782, MnSrcMultiHits = 0.67355
Saving target data
Saving to /home/marco/Desktop/SUBJECTS_freeSurfer/FINAL_TEMPLATE/label/tmpdir.annot2std.16548/seg.15.50016.std.mgh
#@# 16/20 50017 sab 25 feb 2017, 23.41.57, CET
mri_annotation2label --subject 50017 --hemi rh --seg /home/marco/Desktop/SUBJECTS_freeSurfer/FINAL_TEMPLATE/label/tmpdir.annot2std.16548/seg.16.50017.mgh --ctab /home/marco/Desktop/SUBJECTS_freeSurfer/FINAL_TEMPLATE/label/tmpdir.annot2std.16548/seg.16.50017.ctab --annotation aparc --segbase 0
subject = 50017
annotation = aparc
hemi = rh
segfile = /home/marco/Desktop/SUBJECTS_freeSurfer/FINAL_TEMPLATE/label/tmpdir.annot2std.16548/seg.16.50017.mgh
surface   = white

Reading surface 
 /home/marco/Desktop/SUBJECTS_freeSurfer/50017/surf/rh.white
Loading annotations from /home/marco/Desktop/SUBJECTS_freeSurfer/50017/label/rh.aparc.annot
Seg base 0
Converting to a segmentation
mri_surf2surf --mapmethod nnf --hemi rh --srcsubject 50017 --srcsurfreg sphere.reg.newtemplate --sval /home/marco/Desktop/SUBJECTS_freeSurfer/FINAL_TEMPLATE/label/tmpdir.annot2std.16548/seg.16.50017.mgh --trgsubject FINAL_TEMPLATE --trgsurfreg sphere.reg --tval /home/marco/Desktop/SUBJECTS_freeSurfer/FINAL_TEMPLATE/label/tmpdir.annot2std.16548/seg.16.50017.std.mgh
Source registration surface changed to sphere.reg.newtemplate
Target registration surface changed to sphere.reg

$Id: mri_surf2surf.c,v 1.103 2015/11/05 22:07:33 greve Exp $

setenv SUBJECTS_DIR /home/marco/Desktop/SUBJECTS_freeSurfer
cd /home/marco/Desktop/SUBJECTS_freeSurfer/FINAL_TEMPLATE
mri_surf2surf --mapmethod nnf --hemi rh --srcsubject 50017 --srcsurfreg sphere.reg.newtemplate --sval /home/marco/Desktop/SUBJECTS_freeSurfer/FINAL_TEMPLATE/label/tmpdir.annot2std.16548/seg.16.50017.mgh --trgsubject FINAL_TEMPLATE --trgsurfreg sphere.reg --tval /home/marco/Desktop/SUBJECTS_freeSurfer/FINAL_TEMPLATE/label/tmpdir.annot2std.16548/seg.16.50017.std.mgh 

sysname  Linux
hostname marco-Lenovo-Yoga-2-Pro
machine  x86_64
user     marco
srcsubject = 50017
srcval     = /home/marco/Desktop/SUBJECTS_freeSurfer/FINAL_TEMPLATE/label/tmpdir.annot2std.16548/seg.16.50017.mgh
srctype    = 
trgsubject = FINAL_TEMPLATE
trgval     = /home/marco/Desktop/SUBJECTS_freeSurfer/FINAL_TEMPLATE/label/tmpdir.annot2std.16548/seg.16.50017.std.mgh
trgtype    = 
srcsurfreg = sphere.reg.newtemplate
trgsurfreg = sphere.reg
srchemi    = rh
trghemi    = rh
frame      = 0
fwhm-in    = 0
fwhm-out   = 0
label-src  = (null)
label-trg  = (null)
OKToRevFaceOrder  = 1
UseDualHemi = 0
Reading source surface reg /home/marco/Desktop/SUBJECTS_freeSurfer/50017/surf/rh.sphere.reg.newtemplate
Loading source data
Converting source to float
Reading target surface reg /home/marco/Desktop/SUBJECTS_freeSurfer/FINAL_TEMPLATE/surf/rh.sphere.reg
Done
Using surf2surf_nnfr()
Mapping Source Volume onto Source Subject Surface
surf2surf_nnfr: building source hash (res=16).
Surf2Surf: Forward Loop (163842)

Surf2Surf: Dividing by number of hits (163842)
INFO: nSrcLost = 31124
nTrg121 = 163842, nTrgMulti =     0, MnTrgMultiHits = 0
nSrc121 = 79324, nSrcLost = 31124, nSrcMulti = 66256, MnSrcMultiHits = 1.27563
Saving target data
Saving to /home/marco/Desktop/SUBJECTS_freeSurfer/FINAL_TEMPLATE/label/tmpdir.annot2std.16548/seg.16.50017.std.mgh
#@# 17/20 50019 sab 25 feb 2017, 23.42.06, CET
mri_annotation2label --subject 50019 --hemi rh --seg /home/marco/Desktop/SUBJECTS_freeSurfer/FINAL_TEMPLATE/label/tmpdir.annot2std.16548/seg.17.50019.mgh --ctab /home/marco/Desktop/SUBJECTS_freeSurfer/FINAL_TEMPLATE/label/tmpdir.annot2std.16548/seg.17.50019.ctab --annotation aparc --segbase 0
subject = 50019
annotation = aparc
hemi = rh
segfile = /home/marco/Desktop/SUBJECTS_freeSurfer/FINAL_TEMPLATE/label/tmpdir.annot2std.16548/seg.17.50019.mgh
surface   = white

Reading surface 
 /home/marco/Desktop/SUBJECTS_freeSurfer/50019/surf/rh.white
Loading annotations from /home/marco/Desktop/SUBJECTS_freeSurfer/50019/label/rh.aparc.annot
Seg base 0
Converting to a segmentation
mri_surf2surf --mapmethod nnf --hemi rh --srcsubject 50019 --srcsurfreg sphere.reg.newtemplate --sval /home/marco/Desktop/SUBJECTS_freeSurfer/FINAL_TEMPLATE/label/tmpdir.annot2std.16548/seg.17.50019.mgh --trgsubject FINAL_TEMPLATE --trgsurfreg sphere.reg --tval /home/marco/Desktop/SUBJECTS_freeSurfer/FINAL_TEMPLATE/label/tmpdir.annot2std.16548/seg.17.50019.std.mgh
Source registration surface changed to sphere.reg.newtemplate
Target registration surface changed to sphere.reg

$Id: mri_surf2surf.c,v 1.103 2015/11/05 22:07:33 greve Exp $

setenv SUBJECTS_DIR /home/marco/Desktop/SUBJECTS_freeSurfer
cd /home/marco/Desktop/SUBJECTS_freeSurfer/FINAL_TEMPLATE
mri_surf2surf --mapmethod nnf --hemi rh --srcsubject 50019 --srcsurfreg sphere.reg.newtemplate --sval /home/marco/Desktop/SUBJECTS_freeSurfer/FINAL_TEMPLATE/label/tmpdir.annot2std.16548/seg.17.50019.mgh --trgsubject FINAL_TEMPLATE --trgsurfreg sphere.reg --tval /home/marco/Desktop/SUBJECTS_freeSurfer/FINAL_TEMPLATE/label/tmpdir.annot2std.16548/seg.17.50019.std.mgh 

sysname  Linux
hostname marco-Lenovo-Yoga-2-Pro
machine  x86_64
user     marco
srcsubject = 50019
srcval     = /home/marco/Desktop/SUBJECTS_freeSurfer/FINAL_TEMPLATE/label/tmpdir.annot2std.16548/seg.17.50019.mgh
srctype    = 
trgsubject = FINAL_TEMPLATE
trgval     = /home/marco/Desktop/SUBJECTS_freeSurfer/FINAL_TEMPLATE/label/tmpdir.annot2std.16548/seg.17.50019.std.mgh
trgtype    = 
srcsurfreg = sphere.reg.newtemplate
trgsurfreg = sphere.reg
srchemi    = rh
trghemi    = rh
frame      = 0
fwhm-in    = 0
fwhm-out   = 0
label-src  = (null)
label-trg  = (null)
OKToRevFaceOrder  = 1
UseDualHemi = 0
Reading source surface reg /home/marco/Desktop/SUBJECTS_freeSurfer/50019/surf/rh.sphere.reg.newtemplate
Loading source data
Converting source to float
Reading target surface reg /home/marco/Desktop/SUBJECTS_freeSurfer/FINAL_TEMPLATE/surf/rh.sphere.reg
Done
Using surf2surf_nnfr()
Mapping Source Volume onto Source Subject Surface
surf2surf_nnfr: building source hash (res=16).
Surf2Surf: Forward Loop (163842)

Surf2Surf: Dividing by number of hits (163842)
INFO: nSrcLost = 47454
nTrg121 = 163842, nTrgMulti =     0, MnTrgMultiHits = 0
nSrc121 = 105304, nSrcLost = 47454, nSrcMulti = 73356, MnSrcMultiHits = 0.797999
Saving target data
Saving to /home/marco/Desktop/SUBJECTS_freeSurfer/FINAL_TEMPLATE/label/tmpdir.annot2std.16548/seg.17.50019.std.mgh
#@# 18/20 50020 sab 25 feb 2017, 23.42.13, CET
mri_annotation2label --subject 50020 --hemi rh --seg /home/marco/Desktop/SUBJECTS_freeSurfer/FINAL_TEMPLATE/label/tmpdir.annot2std.16548/seg.18.50020.mgh --ctab /home/marco/Desktop/SUBJECTS_freeSurfer/FINAL_TEMPLATE/label/tmpdir.annot2std.16548/seg.18.50020.ctab --annotation aparc --segbase 0
subject = 50020
annotation = aparc
hemi = rh
segfile = /home/marco/Desktop/SUBJECTS_freeSurfer/FINAL_TEMPLATE/label/tmpdir.annot2std.16548/seg.18.50020.mgh
surface   = white

Reading surface 
 /home/marco/Desktop/SUBJECTS_freeSurfer/50020/surf/rh.white
Loading annotations from /home/marco/Desktop/SUBJECTS_freeSurfer/50020/label/rh.aparc.annot
Seg base 0
Converting to a segmentation
mri_surf2surf --mapmethod nnf --hemi rh --srcsubject 50020 --srcsurfreg sphere.reg.newtemplate --sval /home/marco/Desktop/SUBJECTS_freeSurfer/FINAL_TEMPLATE/label/tmpdir.annot2std.16548/seg.18.50020.mgh --trgsubject FINAL_TEMPLATE --trgsurfreg sphere.reg --tval /home/marco/Desktop/SUBJECTS_freeSurfer/FINAL_TEMPLATE/label/tmpdir.annot2std.16548/seg.18.50020.std.mgh
Source registration surface changed to sphere.reg.newtemplate
Target registration surface changed to sphere.reg

$Id: mri_surf2surf.c,v 1.103 2015/11/05 22:07:33 greve Exp $

setenv SUBJECTS_DIR /home/marco/Desktop/SUBJECTS_freeSurfer
cd /home/marco/Desktop/SUBJECTS_freeSurfer/FINAL_TEMPLATE
mri_surf2surf --mapmethod nnf --hemi rh --srcsubject 50020 --srcsurfreg sphere.reg.newtemplate --sval /home/marco/Desktop/SUBJECTS_freeSurfer/FINAL_TEMPLATE/label/tmpdir.annot2std.16548/seg.18.50020.mgh --trgsubject FINAL_TEMPLATE --trgsurfreg sphere.reg --tval /home/marco/Desktop/SUBJECTS_freeSurfer/FINAL_TEMPLATE/label/tmpdir.annot2std.16548/seg.18.50020.std.mgh 

sysname  Linux
hostname marco-Lenovo-Yoga-2-Pro
machine  x86_64
user     marco
srcsubject = 50020
srcval     = /home/marco/Desktop/SUBJECTS_freeSurfer/FINAL_TEMPLATE/label/tmpdir.annot2std.16548/seg.18.50020.mgh
srctype    = 
trgsubject = FINAL_TEMPLATE
trgval     = /home/marco/Desktop/SUBJECTS_freeSurfer/FINAL_TEMPLATE/label/tmpdir.annot2std.16548/seg.18.50020.std.mgh
trgtype    = 
srcsurfreg = sphere.reg.newtemplate
trgsurfreg = sphere.reg
srchemi    = rh
trghemi    = rh
frame      = 0
fwhm-in    = 0
fwhm-out   = 0
label-src  = (null)
label-trg  = (null)
OKToRevFaceOrder  = 1
UseDualHemi = 0
Reading source surface reg /home/marco/Desktop/SUBJECTS_freeSurfer/50020/surf/rh.sphere.reg.newtemplate
Loading source data
Converting source to float
Reading target surface reg /home/marco/Desktop/SUBJECTS_freeSurfer/FINAL_TEMPLATE/surf/rh.sphere.reg
Done
Using surf2surf_nnfr()
Mapping Source Volume onto Source Subject Surface
surf2surf_nnfr: building source hash (res=16).
Surf2Surf: Forward Loop (163842)

Surf2Surf: Dividing by number of hits (163842)
INFO: nSrcLost = 35586
nTrg121 = 163842, nTrgMulti =     0, MnTrgMultiHits = 0
nSrc121 = 86401, nSrcLost = 35586, nSrcMulti = 68691, MnSrcMultiHits = 1.12738
Saving target data
Saving to /home/marco/Desktop/SUBJECTS_freeSurfer/FINAL_TEMPLATE/label/tmpdir.annot2std.16548/seg.18.50020.std.mgh
#@# 19/20 50022 sab 25 feb 2017, 23.42.23, CET
mri_annotation2label --subject 50022 --hemi rh --seg /home/marco/Desktop/SUBJECTS_freeSurfer/FINAL_TEMPLATE/label/tmpdir.annot2std.16548/seg.19.50022.mgh --ctab /home/marco/Desktop/SUBJECTS_freeSurfer/FINAL_TEMPLATE/label/tmpdir.annot2std.16548/seg.19.50022.ctab --annotation aparc --segbase 0
subject = 50022
annotation = aparc
hemi = rh
segfile = /home/marco/Desktop/SUBJECTS_freeSurfer/FINAL_TEMPLATE/label/tmpdir.annot2std.16548/seg.19.50022.mgh
surface   = white

Reading surface 
 /home/marco/Desktop/SUBJECTS_freeSurfer/50022/surf/rh.white
Loading annotations from /home/marco/Desktop/SUBJECTS_freeSurfer/50022/label/rh.aparc.annot
Seg base 0
Converting to a segmentation
mri_surf2surf --mapmethod nnf --hemi rh --srcsubject 50022 --srcsurfreg sphere.reg.newtemplate --sval /home/marco/Desktop/SUBJECTS_freeSurfer/FINAL_TEMPLATE/label/tmpdir.annot2std.16548/seg.19.50022.mgh --trgsubject FINAL_TEMPLATE --trgsurfreg sphere.reg --tval /home/marco/Desktop/SUBJECTS_freeSurfer/FINAL_TEMPLATE/label/tmpdir.annot2std.16548/seg.19.50022.std.mgh
Source registration surface changed to sphere.reg.newtemplate
Target registration surface changed to sphere.reg

$Id: mri_surf2surf.c,v 1.103 2015/11/05 22:07:33 greve Exp $

setenv SUBJECTS_DIR /home/marco/Desktop/SUBJECTS_freeSurfer
cd /home/marco/Desktop/SUBJECTS_freeSurfer/FINAL_TEMPLATE
mri_surf2surf --mapmethod nnf --hemi rh --srcsubject 50022 --srcsurfreg sphere.reg.newtemplate --sval /home/marco/Desktop/SUBJECTS_freeSurfer/FINAL_TEMPLATE/label/tmpdir.annot2std.16548/seg.19.50022.mgh --trgsubject FINAL_TEMPLATE --trgsurfreg sphere.reg --tval /home/marco/Desktop/SUBJECTS_freeSurfer/FINAL_TEMPLATE/label/tmpdir.annot2std.16548/seg.19.50022.std.mgh 

sysname  Linux
hostname marco-Lenovo-Yoga-2-Pro
machine  x86_64
user     marco
srcsubject = 50022
srcval     = /home/marco/Desktop/SUBJECTS_freeSurfer/FINAL_TEMPLATE/label/tmpdir.annot2std.16548/seg.19.50022.mgh
srctype    = 
trgsubject = FINAL_TEMPLATE
trgval     = /home/marco/Desktop/SUBJECTS_freeSurfer/FINAL_TEMPLATE/label/tmpdir.annot2std.16548/seg.19.50022.std.mgh
trgtype    = 
srcsurfreg = sphere.reg.newtemplate
trgsurfreg = sphere.reg
srchemi    = rh
trghemi    = rh
frame      = 0
fwhm-in    = 0
fwhm-out   = 0
label-src  = (null)
label-trg  = (null)
OKToRevFaceOrder  = 1
UseDualHemi = 0
Reading source surface reg /home/marco/Desktop/SUBJECTS_freeSurfer/50022/surf/rh.sphere.reg.newtemplate
Loading source data
Converting source to float
Reading target surface reg /home/marco/Desktop/SUBJECTS_freeSurfer/FINAL_TEMPLATE/surf/rh.sphere.reg
Done
Using surf2surf_nnfr()
Mapping Source Volume onto Source Subject Surface
surf2surf_nnfr: building source hash (res=16).
Surf2Surf: Forward Loop (163842)

Surf2Surf: Dividing by number of hits (163842)
INFO: nSrcLost = 32278
nTrg121 = 163842, nTrgMulti =     0, MnTrgMultiHits = 0
nSrc121 = 88323, nSrcLost = 32278, nSrcMulti = 65220, MnSrcMultiHits = 1.15791
Saving target data
Saving to /home/marco/Desktop/SUBJECTS_freeSurfer/FINAL_TEMPLATE/label/tmpdir.annot2std.16548/seg.19.50022.std.mgh
#@# 20/20 50023 sab 25 feb 2017, 23.42.29, CET
mri_annotation2label --subject 50023 --hemi rh --seg /home/marco/Desktop/SUBJECTS_freeSurfer/FINAL_TEMPLATE/label/tmpdir.annot2std.16548/seg.20.50023.mgh --ctab /home/marco/Desktop/SUBJECTS_freeSurfer/FINAL_TEMPLATE/label/tmpdir.annot2std.16548/seg.20.50023.ctab --annotation aparc --segbase 0
subject = 50023
annotation = aparc
hemi = rh
segfile = /home/marco/Desktop/SUBJECTS_freeSurfer/FINAL_TEMPLATE/label/tmpdir.annot2std.16548/seg.20.50023.mgh
surface   = white

Reading surface 
 /home/marco/Desktop/SUBJECTS_freeSurfer/50023/surf/rh.white
Loading annotations from /home/marco/Desktop/SUBJECTS_freeSurfer/50023/label/rh.aparc.annot
Seg base 0
Converting to a segmentation
mri_surf2surf --mapmethod nnf --hemi rh --srcsubject 50023 --srcsurfreg sphere.reg.newtemplate --sval /home/marco/Desktop/SUBJECTS_freeSurfer/FINAL_TEMPLATE/label/tmpdir.annot2std.16548/seg.20.50023.mgh --trgsubject FINAL_TEMPLATE --trgsurfreg sphere.reg --tval /home/marco/Desktop/SUBJECTS_freeSurfer/FINAL_TEMPLATE/label/tmpdir.annot2std.16548/seg.20.50023.std.mgh
Source registration surface changed to sphere.reg.newtemplate
Target registration surface changed to sphere.reg

$Id: mri_surf2surf.c,v 1.103 2015/11/05 22:07:33 greve Exp $

setenv SUBJECTS_DIR /home/marco/Desktop/SUBJECTS_freeSurfer
cd /home/marco/Desktop/SUBJECTS_freeSurfer/FINAL_TEMPLATE
mri_surf2surf --mapmethod nnf --hemi rh --srcsubject 50023 --srcsurfreg sphere.reg.newtemplate --sval /home/marco/Desktop/SUBJECTS_freeSurfer/FINAL_TEMPLATE/label/tmpdir.annot2std.16548/seg.20.50023.mgh --trgsubject FINAL_TEMPLATE --trgsurfreg sphere.reg --tval /home/marco/Desktop/SUBJECTS_freeSurfer/FINAL_TEMPLATE/label/tmpdir.annot2std.16548/seg.20.50023.std.mgh 

sysname  Linux
hostname marco-Lenovo-Yoga-2-Pro
machine  x86_64
user     marco
srcsubject = 50023
srcval     = /home/marco/Desktop/SUBJECTS_freeSurfer/FINAL_TEMPLATE/label/tmpdir.annot2std.16548/seg.20.50023.mgh
srctype    = 
trgsubject = FINAL_TEMPLATE
trgval     = /home/marco/Desktop/SUBJECTS_freeSurfer/FINAL_TEMPLATE/label/tmpdir.annot2std.16548/seg.20.50023.std.mgh
trgtype    = 
srcsurfreg = sphere.reg.newtemplate
trgsurfreg = sphere.reg
srchemi    = rh
trghemi    = rh
frame      = 0
fwhm-in    = 0
fwhm-out   = 0
label-src  = (null)
label-trg  = (null)
OKToRevFaceOrder  = 1
UseDualHemi = 0
Reading source surface reg /home/marco/Desktop/SUBJECTS_freeSurfer/50023/surf/rh.sphere.reg.newtemplate
Loading source data
Converting source to float
Reading target surface reg /home/marco/Desktop/SUBJECTS_freeSurfer/FINAL_TEMPLATE/surf/rh.sphere.reg
Done
Using surf2surf_nnfr()
Mapping Source Volume onto Source Subject Surface
surf2surf_nnfr: building source hash (res=16).
Surf2Surf: Forward Loop (163842)

Surf2Surf: Dividing by number of hits (163842)
INFO: nSrcLost = 28625
nTrg121 = 163842, nTrgMulti =     0, MnTrgMultiHits = 0
nSrc121 = 87483, nSrcLost = 28625, nSrcMulti = 62294, MnSrcMultiHits = 1.22578
Saving target data
Saving to /home/marco/Desktop/SUBJECTS_freeSurfer/FINAL_TEMPLATE/label/tmpdir.annot2std.16548/seg.20.50023.std.mgh
mri_concat /home/marco/Desktop/SUBJECTS_freeSurfer/FINAL_TEMPLATE/label/tmpdir.annot2std.16548/seg.1.50002_recon.std.mgh /home/marco/Desktop/SUBJECTS_freeSurfer/FINAL_TEMPLATE/label/tmpdir.annot2std.16548/seg.2.50003_MRI.std.mgh /home/marco/Desktop/SUBJECTS_freeSurfer/FINAL_TEMPLATE/label/tmpdir.annot2std.16548/seg.3.50004_MRI.std.mgh /home/marco/Desktop/SUBJECTS_freeSurfer/FINAL_TEMPLATE/label/tmpdir.annot2std.16548/seg.4.50005_MRI.std.mgh /home/marco/Desktop/SUBJECTS_freeSurfer/FINAL_TEMPLATE/label/tmpdir.annot2std.16548/seg.5.50006_MRI.std.mgh /home/marco/Desktop/SUBJECTS_freeSurfer/FINAL_TEMPLATE/label/tmpdir.annot2std.16548/seg.6.50007_MRI.std.mgh /home/marco/Desktop/SUBJECTS_freeSurfer/FINAL_TEMPLATE/label/tmpdir.annot2std.16548/seg.7.50008_MRI.std.mgh /home/marco/Desktop/SUBJECTS_freeSurfer/FINAL_TEMPLATE/label/tmpdir.annot2std.16548/seg.8.50009_MRI.std.mgh /home/marco/Desktop/SUBJECTS_freeSurfer/FINAL_TEMPLATE/label/tmpdir.annot2std.16548/seg.9.50010_MRI.std.mgh /home/marco/Desktop/SUBJECTS_freeSurfer/FINAL_TEMPLATE/label/tmpdir.annot2std.16548/seg.10.50011_MRI.std.mgh /home/marco/Desktop/SUBJECTS_freeSurfer/FINAL_TEMPLATE/label/tmpdir.annot2std.16548/seg.11.50012_MRI.std.mgh /home/marco/Desktop/SUBJECTS_freeSurfer/FINAL_TEMPLATE/label/tmpdir.annot2std.16548/seg.12.50013_MRI.std.mgh /home/marco/Desktop/SUBJECTS_freeSurfer/FINAL_TEMPLATE/label/tmpdir.annot2std.16548/seg.13.50014.std.mgh /home/marco/Desktop/SUBJECTS_freeSurfer/FINAL_TEMPLATE/label/tmpdir.annot2std.16548/seg.14.50015.std.mgh /home/marco/Desktop/SUBJECTS_freeSurfer/FINAL_TEMPLATE/label/tmpdir.annot2std.16548/seg.15.50016.std.mgh /home/marco/Desktop/SUBJECTS_freeSurfer/FINAL_TEMPLATE/label/tmpdir.annot2std.16548/seg.16.50017.std.mgh /home/marco/Desktop/SUBJECTS_freeSurfer/FINAL_TEMPLATE/label/tmpdir.annot2std.16548/seg.17.50019.std.mgh /home/marco/Desktop/SUBJECTS_freeSurfer/FINAL_TEMPLATE/label/tmpdir.annot2std.16548/seg.18.50020.std.mgh /home/marco/Desktop/SUBJECTS_freeSurfer/FINAL_TEMPLATE/label/tmpdir.annot2std.16548/seg.19.50022.std.mgh /home/marco/Desktop/SUBJECTS_freeSurfer/FINAL_TEMPLATE/label/tmpdir.annot2std.16548/seg.20.50023.std.mgh --vote --o /home/marco/Desktop/SUBJECTS_freeSurfer/FINAL_TEMPLATE/label/tmpdir.annot2std.16548/seg.vote.mgh
ninputs = 20
Checking inputs
nframestot = 20
Allocing output
Done allocing
nframes = 20
Voting 
MRIvote: sorting
MRIvote: done sorting
Writing to /home/marco/Desktop/SUBJECTS_freeSurfer/FINAL_TEMPLATE/label/tmpdir.annot2std.16548/seg.vote.mgh
mri_convert --frame 1 /home/marco/Desktop/SUBJECTS_freeSurfer/FINAL_TEMPLATE/label/tmpdir.annot2std.16548/seg.vote.mgh /home/marco/Desktop/SUBJECTS_freeSurfer/FINAL_TEMPLATE/label/rh.aparc.annot.p.mgh
mri_convert.bin --frame 1 /home/marco/Desktop/SUBJECTS_freeSurfer/FINAL_TEMPLATE/label/tmpdir.annot2std.16548/seg.vote.mgh /home/marco/Desktop/SUBJECTS_freeSurfer/FINAL_TEMPLATE/label/rh.aparc.annot.p.mgh 
$Id: mri_convert.c,v 1.226 2016/02/26 16:15:24 mreuter Exp $
reading from /home/marco/Desktop/SUBJECTS_freeSurfer/FINAL_TEMPLATE/label/tmpdir.annot2std.16548/seg.vote.mgh...
TR=0.00, TE=0.00, TI=0.00, flip angle=0.00
i_ras = (-1, 0, 0)
j_ras = (0, 0, -1)
k_ras = (0, 1, 0)
keeping frame 1
writing to /home/marco/Desktop/SUBJECTS_freeSurfer/FINAL_TEMPLATE/label/rh.aparc.annot.p.mgh...
mris_seg2annot --seg /home/marco/Desktop/SUBJECTS_freeSurfer/FINAL_TEMPLATE/label/tmpdir.annot2std.16548/seg.vote.mgh --ctab /home/marco/Desktop/SUBJECTS_freeSurfer/FINAL_TEMPLATE/label/tmpdir.annot2std.16548/seg.1.50002_recon.ctab --s FINAL_TEMPLATE --hemi rh --o /home/marco/Desktop/SUBJECTS_freeSurfer/FINAL_TEMPLATE/label/rh.aparc.annot

$Id: mris_seg2annot.c,v 1.10 2014/11/15 00:07:19 greve Exp $
cwd /home/marco/Desktop/SUBJECTS_freeSurfer/FINAL_TEMPLATE
cmdline mris_seg2annot --seg /home/marco/Desktop/SUBJECTS_freeSurfer/FINAL_TEMPLATE/label/tmpdir.annot2std.16548/seg.vote.mgh --ctab /home/marco/Desktop/SUBJECTS_freeSurfer/FINAL_TEMPLATE/label/tmpdir.annot2std.16548/seg.1.50002_recon.ctab --s FINAL_TEMPLATE --hemi rh --o /home/marco/Desktop/SUBJECTS_freeSurfer/FINAL_TEMPLATE/label/rh.aparc.annot 
sysname  Linux
hostname marco-Lenovo-Yoga-2-Pro
machine  x86_64
user     marco
subject   FINAL_TEMPLATE
hemi      rh
surfseg   /home/marco/Desktop/SUBJECTS_freeSurfer/FINAL_TEMPLATE/label/tmpdir.annot2std.16548/seg.vote.mgh
ctab      /home/marco/Desktop/SUBJECTS_freeSurfer/FINAL_TEMPLATE/label/tmpdir.annot2std.16548/seg.1.50002_recon.ctab
annotfile /home/marco/Desktop/SUBJECTS_freeSurfer/FINAL_TEMPLATE/label/rh.aparc.annot
Reading surface seg /home/marco/Desktop/SUBJECTS_freeSurfer/FINAL_TEMPLATE/label/tmpdir.annot2std.16548/seg.vote.mgh
Reading surface /home/marco/Desktop/SUBJECTS_freeSurfer/FINAL_TEMPLATE/surf/rh.white
Reading ctab /home/marco/Desktop/SUBJECTS_freeSurfer/FINAL_TEMPLATE/label/tmpdir.annot2std.16548/seg.1.50002_recon.ctab
Writing annot to /home/marco/Desktop/SUBJECTS_freeSurfer/FINAL_TEMPLATE/label/rh.aparc.annot
 
Started at sab 25 feb 2017, 23.39.51, CET 
Ended   at sab 25 feb 2017, 23.42.41, CET
Annot2std-Run-Time-Sec 170
 
annot2std Done
