sab 25 feb 2017, 23.20.31, CET
setenv SUBJECTS_DIR /home/marco/Desktop/SUBJECTS_freeSurfer
cd /home/marco/Desktop/SUBJECTS_freeSurfer/FINAL_TEMPLATE
/usr/local/freesurfer/bin/mris_preproc --out /home/marco/Desktop/SUBJECTS_freeSurfer/FINAL_TEMPLATE/surf/stack.lh.sulc.mgh --f /home/marco/Desktop/SUBJECTS_freeSurfer/FINAL_TEMPLATE/list.subjects.txt --target FINAL_TEMPLATE --hemi lh --meas sulc --srcsurfreg sphere.reg.newtemplate --log /home/marco/Desktop/SUBJECTS_freeSurfer/FINAL_TEMPLATE/scripts/mris_preproc.lh.sulc.log

Linux marco-Lenovo-Yoga-2-Pro 4.4.0-64-generic #85-Ubuntu SMP Mon Feb 20 11:50:30 UTC 2017 x86_64 x86_64 x86_64 GNU/Linux
$Id: mris_preproc,v 1.76.2.1 2016/08/12 17:55:45 zkaufman Exp $
freesurfer-Linux-centos6_x86_64-stable-pub-v6.0.0-2beb96c
tmpdir is /home/marco/Desktop/SUBJECTS_freeSurfer/FINAL_TEMPLATE/surf/tmp.mris_preproc.13800
Src lh sphere.reg.newtemplate
Trg lh sphere.reg




---------------------------------------------------
#@# 1/20 50002_recon sab 25 feb 2017, 23.20.31, CET --------------
-----------------------
mri_surf2surf --srcsubject 50002_recon --srchemi lh --srcsurfreg sphere.reg.newtemplate --trgsubject FINAL_TEMPLATE --trghemi lh --trgsurfreg sphere.reg --tval /home/marco/Desktop/SUBJECTS_freeSurfer/FINAL_TEMPLATE/surf/tmp.mris_preproc.13800/50002_recon.1.mgh --sval /home/marco/Desktop/SUBJECTS_freeSurfer/50002_recon/surf/lh.sulc --sfmt curv --noreshape --cortex
Source registration surface changed to sphere.reg.newtemplate
Target registration surface changed to sphere.reg

$Id: mri_surf2surf.c,v 1.103 2015/11/05 22:07:33 greve Exp $

setenv SUBJECTS_DIR /home/marco/Desktop/SUBJECTS_freeSurfer
cd /home/marco/Desktop/SUBJECTS_freeSurfer/FINAL_TEMPLATE
mri_surf2surf --srcsubject 50002_recon --srchemi lh --srcsurfreg sphere.reg.newtemplate --trgsubject FINAL_TEMPLATE --trghemi lh --trgsurfreg sphere.reg --tval /home/marco/Desktop/SUBJECTS_freeSurfer/FINAL_TEMPLATE/surf/tmp.mris_preproc.13800/50002_recon.1.mgh --sval /home/marco/Desktop/SUBJECTS_freeSurfer/50002_recon/surf/lh.sulc --sfmt curv --noreshape --cortex 

sysname  Linux
hostname marco-Lenovo-Yoga-2-Pro
machine  x86_64
user     marco
srcsubject = 50002_recon
srcval     = /home/marco/Desktop/SUBJECTS_freeSurfer/50002_recon/surf/lh.sulc
srctype    = curv
trgsubject = FINAL_TEMPLATE
trgval     = /home/marco/Desktop/SUBJECTS_freeSurfer/FINAL_TEMPLATE/surf/tmp.mris_preproc.13800/50002_recon.1.mgh
trgtype    = 
srcsurfreg = sphere.reg.newtemplate
trgsurfreg = sphere.reg
srchemi    = lh
trghemi    = lh
frame      = 0
fwhm-in    = 0
fwhm-out   = 0
label-src  = lh.cortex.label
label-trg  = lh.cortex.label
OKToRevFaceOrder  = 1
UseDualHemi = 0
Reading source surface reg /home/marco/Desktop/SUBJECTS_freeSurfer/50002_recon/surf/lh.sphere.reg.newtemplate
Loading source data
Reading curvature file /home/marco/Desktop/SUBJECTS_freeSurfer/50002_recon/surf/lh.sulc
Reading source subject label mask lh.cortex.label
masking the input
Reading target surface reg /home/marco/Desktop/SUBJECTS_freeSurfer/FINAL_TEMPLATE/surf/lh.sphere.reg
Done
Using surf2surf_nnfr()
Mapping Source Volume onto Source Subject Surface
surf2surf_nnfr: building source hash (res=16).
Surf2Surf: Forward Loop (163842)

surf2surf_nnfr: building target hash (res=16).
Surf2Surf: Reverse Loop (152943)
Reverse Loop had 30885 hits
Surf2Surf: Dividing by number of hits (163842)
INFO: nSrcLost = 0
nTrg121 = 140111, nTrgMulti = 23731, MnTrgMultiHits = 2.30146
nSrc121 = 120762, nSrcLost =     0, nSrcMulti = 32181, MnSrcMultiHits = 2.29841
Reading target space mask label lh.cortex.label
masking the input
Saving target data
Saving to /home/marco/Desktop/SUBJECTS_freeSurfer/FINAL_TEMPLATE/surf/tmp.mris_preproc.13800/50002_recon.1.mgh



---------------------------------------------------
#@# 2/20 50003_MRI sab 25 feb 2017, 23.20.37, CET --------------
-----------------------
mri_surf2surf --srcsubject 50003_MRI --srchemi lh --srcsurfreg sphere.reg.newtemplate --trgsubject FINAL_TEMPLATE --trghemi lh --trgsurfreg sphere.reg --tval /home/marco/Desktop/SUBJECTS_freeSurfer/FINAL_TEMPLATE/surf/tmp.mris_preproc.13800/50003_MRI.2.mgh --sval /home/marco/Desktop/SUBJECTS_freeSurfer/50003_MRI/surf/lh.sulc --sfmt curv --noreshape --cortex
Source registration surface changed to sphere.reg.newtemplate
Target registration surface changed to sphere.reg

$Id: mri_surf2surf.c,v 1.103 2015/11/05 22:07:33 greve Exp $

setenv SUBJECTS_DIR /home/marco/Desktop/SUBJECTS_freeSurfer
cd /home/marco/Desktop/SUBJECTS_freeSurfer/FINAL_TEMPLATE
mri_surf2surf --srcsubject 50003_MRI --srchemi lh --srcsurfreg sphere.reg.newtemplate --trgsubject FINAL_TEMPLATE --trghemi lh --trgsurfreg sphere.reg --tval /home/marco/Desktop/SUBJECTS_freeSurfer/FINAL_TEMPLATE/surf/tmp.mris_preproc.13800/50003_MRI.2.mgh --sval /home/marco/Desktop/SUBJECTS_freeSurfer/50003_MRI/surf/lh.sulc --sfmt curv --noreshape --cortex 

sysname  Linux
hostname marco-Lenovo-Yoga-2-Pro
machine  x86_64
user     marco
srcsubject = 50003_MRI
srcval     = /home/marco/Desktop/SUBJECTS_freeSurfer/50003_MRI/surf/lh.sulc
srctype    = curv
trgsubject = FINAL_TEMPLATE
trgval     = /home/marco/Desktop/SUBJECTS_freeSurfer/FINAL_TEMPLATE/surf/tmp.mris_preproc.13800/50003_MRI.2.mgh
trgtype    = 
srcsurfreg = sphere.reg.newtemplate
trgsurfreg = sphere.reg
srchemi    = lh
trghemi    = lh
frame      = 0
fwhm-in    = 0
fwhm-out   = 0
label-src  = lh.cortex.label
label-trg  = lh.cortex.label
OKToRevFaceOrder  = 1
UseDualHemi = 0
Reading source surface reg /home/marco/Desktop/SUBJECTS_freeSurfer/50003_MRI/surf/lh.sphere.reg.newtemplate
Loading source data
Reading curvature file /home/marco/Desktop/SUBJECTS_freeSurfer/50003_MRI/surf/lh.sulc
Reading source subject label mask lh.cortex.label
masking the input
Reading target surface reg /home/marco/Desktop/SUBJECTS_freeSurfer/FINAL_TEMPLATE/surf/lh.sphere.reg
Done
Using surf2surf_nnfr()
Mapping Source Volume onto Source Subject Surface
surf2surf_nnfr: building source hash (res=16).
Surf2Surf: Forward Loop (163842)

surf2surf_nnfr: building target hash (res=16).
Surf2Surf: Reverse Loop (152286)
Reverse Loop had 33159 hits
Surf2Surf: Dividing by number of hits (163842)
INFO: nSrcLost = 0
nTrg121 = 139585, nTrgMulti = 24257, MnTrgMultiHits = 2.36699
nSrc121 = 119522, nSrcLost =     0, nSrcMulti = 32764, MnSrcMultiHits = 2.36476
Reading target space mask label lh.cortex.label
masking the input
Saving target data
Saving to /home/marco/Desktop/SUBJECTS_freeSurfer/FINAL_TEMPLATE/surf/tmp.mris_preproc.13800/50003_MRI.2.mgh



---------------------------------------------------
#@# 3/20 50004_MRI sab 25 feb 2017, 23.20.42, CET --------------
-----------------------
mri_surf2surf --srcsubject 50004_MRI --srchemi lh --srcsurfreg sphere.reg.newtemplate --trgsubject FINAL_TEMPLATE --trghemi lh --trgsurfreg sphere.reg --tval /home/marco/Desktop/SUBJECTS_freeSurfer/FINAL_TEMPLATE/surf/tmp.mris_preproc.13800/50004_MRI.3.mgh --sval /home/marco/Desktop/SUBJECTS_freeSurfer/50004_MRI/surf/lh.sulc --sfmt curv --noreshape --cortex
Source registration surface changed to sphere.reg.newtemplate
Target registration surface changed to sphere.reg

$Id: mri_surf2surf.c,v 1.103 2015/11/05 22:07:33 greve Exp $

setenv SUBJECTS_DIR /home/marco/Desktop/SUBJECTS_freeSurfer
cd /home/marco/Desktop/SUBJECTS_freeSurfer/FINAL_TEMPLATE
mri_surf2surf --srcsubject 50004_MRI --srchemi lh --srcsurfreg sphere.reg.newtemplate --trgsubject FINAL_TEMPLATE --trghemi lh --trgsurfreg sphere.reg --tval /home/marco/Desktop/SUBJECTS_freeSurfer/FINAL_TEMPLATE/surf/tmp.mris_preproc.13800/50004_MRI.3.mgh --sval /home/marco/Desktop/SUBJECTS_freeSurfer/50004_MRI/surf/lh.sulc --sfmt curv --noreshape --cortex 

sysname  Linux
hostname marco-Lenovo-Yoga-2-Pro
machine  x86_64
user     marco
srcsubject = 50004_MRI
srcval     = /home/marco/Desktop/SUBJECTS_freeSurfer/50004_MRI/surf/lh.sulc
srctype    = curv
trgsubject = FINAL_TEMPLATE
trgval     = /home/marco/Desktop/SUBJECTS_freeSurfer/FINAL_TEMPLATE/surf/tmp.mris_preproc.13800/50004_MRI.3.mgh
trgtype    = 
srcsurfreg = sphere.reg.newtemplate
trgsurfreg = sphere.reg
srchemi    = lh
trghemi    = lh
frame      = 0
fwhm-in    = 0
fwhm-out   = 0
label-src  = lh.cortex.label
label-trg  = lh.cortex.label
OKToRevFaceOrder  = 1
UseDualHemi = 0
Reading source surface reg /home/marco/Desktop/SUBJECTS_freeSurfer/50004_MRI/surf/lh.sphere.reg.newtemplate
Loading source data
Reading curvature file /home/marco/Desktop/SUBJECTS_freeSurfer/50004_MRI/surf/lh.sulc
Reading source subject label mask lh.cortex.label
masking the input
Reading target surface reg /home/marco/Desktop/SUBJECTS_freeSurfer/FINAL_TEMPLATE/surf/lh.sphere.reg
Done
Using surf2surf_nnfr()
Mapping Source Volume onto Source Subject Surface
surf2surf_nnfr: building source hash (res=16).
Surf2Surf: Forward Loop (163842)

surf2surf_nnfr: building target hash (res=16).
Surf2Surf: Reverse Loop (150969)
Reverse Loop had 28588 hits
Surf2Surf: Dividing by number of hits (163842)
INFO: nSrcLost = 0
nTrg121 = 141296, nTrgMulti = 22546, MnTrgMultiHits = 2.26799
nSrc121 = 118482, nSrcLost =     0, nSrcMulti = 32487, MnSrcMultiHits = 2.27623
Reading target space mask label lh.cortex.label
masking the input
Saving target data
Saving to /home/marco/Desktop/SUBJECTS_freeSurfer/FINAL_TEMPLATE/surf/tmp.mris_preproc.13800/50004_MRI.3.mgh



---------------------------------------------------
#@# 4/20 50005_MRI sab 25 feb 2017, 23.20.48, CET --------------
-----------------------
mri_surf2surf --srcsubject 50005_MRI --srchemi lh --srcsurfreg sphere.reg.newtemplate --trgsubject FINAL_TEMPLATE --trghemi lh --trgsurfreg sphere.reg --tval /home/marco/Desktop/SUBJECTS_freeSurfer/FINAL_TEMPLATE/surf/tmp.mris_preproc.13800/50005_MRI.4.mgh --sval /home/marco/Desktop/SUBJECTS_freeSurfer/50005_MRI/surf/lh.sulc --sfmt curv --noreshape --cortex
Source registration surface changed to sphere.reg.newtemplate
Target registration surface changed to sphere.reg

$Id: mri_surf2surf.c,v 1.103 2015/11/05 22:07:33 greve Exp $

setenv SUBJECTS_DIR /home/marco/Desktop/SUBJECTS_freeSurfer
cd /home/marco/Desktop/SUBJECTS_freeSurfer/FINAL_TEMPLATE
mri_surf2surf --srcsubject 50005_MRI --srchemi lh --srcsurfreg sphere.reg.newtemplate --trgsubject FINAL_TEMPLATE --trghemi lh --trgsurfreg sphere.reg --tval /home/marco/Desktop/SUBJECTS_freeSurfer/FINAL_TEMPLATE/surf/tmp.mris_preproc.13800/50005_MRI.4.mgh --sval /home/marco/Desktop/SUBJECTS_freeSurfer/50005_MRI/surf/lh.sulc --sfmt curv --noreshape --cortex 

sysname  Linux
hostname marco-Lenovo-Yoga-2-Pro
machine  x86_64
user     marco
srcsubject = 50005_MRI
srcval     = /home/marco/Desktop/SUBJECTS_freeSurfer/50005_MRI/surf/lh.sulc
srctype    = curv
trgsubject = FINAL_TEMPLATE
trgval     = /home/marco/Desktop/SUBJECTS_freeSurfer/FINAL_TEMPLATE/surf/tmp.mris_preproc.13800/50005_MRI.4.mgh
trgtype    = 
srcsurfreg = sphere.reg.newtemplate
trgsurfreg = sphere.reg
srchemi    = lh
trghemi    = lh
frame      = 0
fwhm-in    = 0
fwhm-out   = 0
label-src  = lh.cortex.label
label-trg  = lh.cortex.label
OKToRevFaceOrder  = 1
UseDualHemi = 0
Reading source surface reg /home/marco/Desktop/SUBJECTS_freeSurfer/50005_MRI/surf/lh.sphere.reg.newtemplate
Loading source data
Reading curvature file /home/marco/Desktop/SUBJECTS_freeSurfer/50005_MRI/surf/lh.sulc
Reading source subject label mask lh.cortex.label
masking the input
Reading target surface reg /home/marco/Desktop/SUBJECTS_freeSurfer/FINAL_TEMPLATE/surf/lh.sphere.reg
Done
Using surf2surf_nnfr()
Mapping Source Volume onto Source Subject Surface
surf2surf_nnfr: building source hash (res=16).
Surf2Surf: Forward Loop (163842)

surf2surf_nnfr: building target hash (res=16).
Surf2Surf: Reverse Loop (140748)
Reverse Loop had 24661 hits
Surf2Surf: Dividing by number of hits (163842)
INFO: nSrcLost = 0
nTrg121 = 144924, nTrgMulti = 18918, MnTrgMultiHits = 2.30357
nSrc121 = 104880, nSrcLost =     0, nSrcMulti = 35868, MnSrcMultiHits = 2.33141
Reading target space mask label lh.cortex.label
masking the input
Saving target data
Saving to /home/marco/Desktop/SUBJECTS_freeSurfer/FINAL_TEMPLATE/surf/tmp.mris_preproc.13800/50005_MRI.4.mgh



---------------------------------------------------
#@# 5/20 50006_MRI sab 25 feb 2017, 23.20.53, CET --------------
-----------------------
mri_surf2surf --srcsubject 50006_MRI --srchemi lh --srcsurfreg sphere.reg.newtemplate --trgsubject FINAL_TEMPLATE --trghemi lh --trgsurfreg sphere.reg --tval /home/marco/Desktop/SUBJECTS_freeSurfer/FINAL_TEMPLATE/surf/tmp.mris_preproc.13800/50006_MRI.5.mgh --sval /home/marco/Desktop/SUBJECTS_freeSurfer/50006_MRI/surf/lh.sulc --sfmt curv --noreshape --cortex
Source registration surface changed to sphere.reg.newtemplate
Target registration surface changed to sphere.reg

$Id: mri_surf2surf.c,v 1.103 2015/11/05 22:07:33 greve Exp $

setenv SUBJECTS_DIR /home/marco/Desktop/SUBJECTS_freeSurfer
cd /home/marco/Desktop/SUBJECTS_freeSurfer/FINAL_TEMPLATE
mri_surf2surf --srcsubject 50006_MRI --srchemi lh --srcsurfreg sphere.reg.newtemplate --trgsubject FINAL_TEMPLATE --trghemi lh --trgsurfreg sphere.reg --tval /home/marco/Desktop/SUBJECTS_freeSurfer/FINAL_TEMPLATE/surf/tmp.mris_preproc.13800/50006_MRI.5.mgh --sval /home/marco/Desktop/SUBJECTS_freeSurfer/50006_MRI/surf/lh.sulc --sfmt curv --noreshape --cortex 

sysname  Linux
hostname marco-Lenovo-Yoga-2-Pro
machine  x86_64
user     marco
srcsubject = 50006_MRI
srcval     = /home/marco/Desktop/SUBJECTS_freeSurfer/50006_MRI/surf/lh.sulc
srctype    = curv
trgsubject = FINAL_TEMPLATE
trgval     = /home/marco/Desktop/SUBJECTS_freeSurfer/FINAL_TEMPLATE/surf/tmp.mris_preproc.13800/50006_MRI.5.mgh
trgtype    = 
srcsurfreg = sphere.reg.newtemplate
trgsurfreg = sphere.reg
srchemi    = lh
trghemi    = lh
frame      = 0
fwhm-in    = 0
fwhm-out   = 0
label-src  = lh.cortex.label
label-trg  = lh.cortex.label
OKToRevFaceOrder  = 1
UseDualHemi = 0
Reading source surface reg /home/marco/Desktop/SUBJECTS_freeSurfer/50006_MRI/surf/lh.sphere.reg.newtemplate
Loading source data
Reading curvature file /home/marco/Desktop/SUBJECTS_freeSurfer/50006_MRI/surf/lh.sulc
Reading source subject label mask lh.cortex.label
masking the input
Reading target surface reg /home/marco/Desktop/SUBJECTS_freeSurfer/FINAL_TEMPLATE/surf/lh.sphere.reg
Done
Using surf2surf_nnfr()
Mapping Source Volume onto Source Subject Surface
surf2surf_nnfr: building source hash (res=16).
Surf2Surf: Forward Loop (163842)

surf2surf_nnfr: building target hash (res=16).
Surf2Surf: Reverse Loop (153025)
Reverse Loop had 32887 hits
Surf2Surf: Dividing by number of hits (163842)
INFO: nSrcLost = 0
nTrg121 = 138528, nTrgMulti = 25314, MnTrgMultiHits = 2.29916
nSrc121 = 121025, nSrcLost =     0, nSrcMulti = 32000, MnSrcMultiHits = 2.36575
Reading target space mask label lh.cortex.label
masking the input
Saving target data
Saving to /home/marco/Desktop/SUBJECTS_freeSurfer/FINAL_TEMPLATE/surf/tmp.mris_preproc.13800/50006_MRI.5.mgh



---------------------------------------------------
#@# 6/20 50007_MRI sab 25 feb 2017, 23.20.58, CET --------------
-----------------------
mri_surf2surf --srcsubject 50007_MRI --srchemi lh --srcsurfreg sphere.reg.newtemplate --trgsubject FINAL_TEMPLATE --trghemi lh --trgsurfreg sphere.reg --tval /home/marco/Desktop/SUBJECTS_freeSurfer/FINAL_TEMPLATE/surf/tmp.mris_preproc.13800/50007_MRI.6.mgh --sval /home/marco/Desktop/SUBJECTS_freeSurfer/50007_MRI/surf/lh.sulc --sfmt curv --noreshape --cortex
Source registration surface changed to sphere.reg.newtemplate
Target registration surface changed to sphere.reg

$Id: mri_surf2surf.c,v 1.103 2015/11/05 22:07:33 greve Exp $

setenv SUBJECTS_DIR /home/marco/Desktop/SUBJECTS_freeSurfer
cd /home/marco/Desktop/SUBJECTS_freeSurfer/FINAL_TEMPLATE
mri_surf2surf --srcsubject 50007_MRI --srchemi lh --srcsurfreg sphere.reg.newtemplate --trgsubject FINAL_TEMPLATE --trghemi lh --trgsurfreg sphere.reg --tval /home/marco/Desktop/SUBJECTS_freeSurfer/FINAL_TEMPLATE/surf/tmp.mris_preproc.13800/50007_MRI.6.mgh --sval /home/marco/Desktop/SUBJECTS_freeSurfer/50007_MRI/surf/lh.sulc --sfmt curv --noreshape --cortex 

sysname  Linux
hostname marco-Lenovo-Yoga-2-Pro
machine  x86_64
user     marco
srcsubject = 50007_MRI
srcval     = /home/marco/Desktop/SUBJECTS_freeSurfer/50007_MRI/surf/lh.sulc
srctype    = curv
trgsubject = FINAL_TEMPLATE
trgval     = /home/marco/Desktop/SUBJECTS_freeSurfer/FINAL_TEMPLATE/surf/tmp.mris_preproc.13800/50007_MRI.6.mgh
trgtype    = 
srcsurfreg = sphere.reg.newtemplate
trgsurfreg = sphere.reg
srchemi    = lh
trghemi    = lh
frame      = 0
fwhm-in    = 0
fwhm-out   = 0
label-src  = lh.cortex.label
label-trg  = lh.cortex.label
OKToRevFaceOrder  = 1
UseDualHemi = 0
Reading source surface reg /home/marco/Desktop/SUBJECTS_freeSurfer/50007_MRI/surf/lh.sphere.reg.newtemplate
Loading source data
Reading curvature file /home/marco/Desktop/SUBJECTS_freeSurfer/50007_MRI/surf/lh.sulc
Reading source subject label mask lh.cortex.label
masking the input
Reading target surface reg /home/marco/Desktop/SUBJECTS_freeSurfer/FINAL_TEMPLATE/surf/lh.sphere.reg
Done
Using surf2surf_nnfr()
Mapping Source Volume onto Source Subject Surface
surf2surf_nnfr: building source hash (res=16).
Surf2Surf: Forward Loop (163842)

surf2surf_nnfr: building target hash (res=16).
Surf2Surf: Reverse Loop (180773)
Reverse Loop had 49192 hits
Surf2Surf: Dividing by number of hits (163842)
INFO: nSrcLost = 0
nTrg121 = 127129, nTrgMulti = 36713, MnTrgMultiHits = 2.33991
nSrc121 = 155771, nSrcLost =     0, nSrcMulti = 25002, MnSrcMultiHits = 2.29034
Reading target space mask label lh.cortex.label
masking the input
Saving target data
Saving to /home/marco/Desktop/SUBJECTS_freeSurfer/FINAL_TEMPLATE/surf/tmp.mris_preproc.13800/50007_MRI.6.mgh



---------------------------------------------------
#@# 7/20 50008_MRI sab 25 feb 2017, 23.21.04, CET --------------
-----------------------
mri_surf2surf --srcsubject 50008_MRI --srchemi lh --srcsurfreg sphere.reg.newtemplate --trgsubject FINAL_TEMPLATE --trghemi lh --trgsurfreg sphere.reg --tval /home/marco/Desktop/SUBJECTS_freeSurfer/FINAL_TEMPLATE/surf/tmp.mris_preproc.13800/50008_MRI.7.mgh --sval /home/marco/Desktop/SUBJECTS_freeSurfer/50008_MRI/surf/lh.sulc --sfmt curv --noreshape --cortex
Source registration surface changed to sphere.reg.newtemplate
Target registration surface changed to sphere.reg

$Id: mri_surf2surf.c,v 1.103 2015/11/05 22:07:33 greve Exp $

setenv SUBJECTS_DIR /home/marco/Desktop/SUBJECTS_freeSurfer
cd /home/marco/Desktop/SUBJECTS_freeSurfer/FINAL_TEMPLATE
mri_surf2surf --srcsubject 50008_MRI --srchemi lh --srcsurfreg sphere.reg.newtemplate --trgsubject FINAL_TEMPLATE --trghemi lh --trgsurfreg sphere.reg --tval /home/marco/Desktop/SUBJECTS_freeSurfer/FINAL_TEMPLATE/surf/tmp.mris_preproc.13800/50008_MRI.7.mgh --sval /home/marco/Desktop/SUBJECTS_freeSurfer/50008_MRI/surf/lh.sulc --sfmt curv --noreshape --cortex 

sysname  Linux
hostname marco-Lenovo-Yoga-2-Pro
machine  x86_64
user     marco
srcsubject = 50008_MRI
srcval     = /home/marco/Desktop/SUBJECTS_freeSurfer/50008_MRI/surf/lh.sulc
srctype    = curv
trgsubject = FINAL_TEMPLATE
trgval     = /home/marco/Desktop/SUBJECTS_freeSurfer/FINAL_TEMPLATE/surf/tmp.mris_preproc.13800/50008_MRI.7.mgh
trgtype    = 
srcsurfreg = sphere.reg.newtemplate
trgsurfreg = sphere.reg
srchemi    = lh
trghemi    = lh
frame      = 0
fwhm-in    = 0
fwhm-out   = 0
label-src  = lh.cortex.label
label-trg  = lh.cortex.label
OKToRevFaceOrder  = 1
UseDualHemi = 0
Reading source surface reg /home/marco/Desktop/SUBJECTS_freeSurfer/50008_MRI/surf/lh.sphere.reg.newtemplate
Loading source data
Reading curvature file /home/marco/Desktop/SUBJECTS_freeSurfer/50008_MRI/surf/lh.sulc
Reading source subject label mask lh.cortex.label
masking the input
Reading target surface reg /home/marco/Desktop/SUBJECTS_freeSurfer/FINAL_TEMPLATE/surf/lh.sphere.reg
Done
Using surf2surf_nnfr()
Mapping Source Volume onto Source Subject Surface
surf2surf_nnfr: building source hash (res=16).
Surf2Surf: Forward Loop (163842)

surf2surf_nnfr: building target hash (res=16).
Surf2Surf: Reverse Loop (146716)
Reverse Loop had 27963 hits
Surf2Surf: Dividing by number of hits (163842)
INFO: nSrcLost = 0
nTrg121 = 142320, nTrgMulti = 21522, MnTrgMultiHits = 2.29928
nSrc121 = 112543, nSrcLost =     0, nSrcMulti = 34173, MnSrcMultiHits = 2.31943
Reading target space mask label lh.cortex.label
masking the input
Saving target data
Saving to /home/marco/Desktop/SUBJECTS_freeSurfer/FINAL_TEMPLATE/surf/tmp.mris_preproc.13800/50008_MRI.7.mgh



---------------------------------------------------
#@# 8/20 50009_MRI sab 25 feb 2017, 23.21.10, CET --------------
-----------------------
mri_surf2surf --srcsubject 50009_MRI --srchemi lh --srcsurfreg sphere.reg.newtemplate --trgsubject FINAL_TEMPLATE --trghemi lh --trgsurfreg sphere.reg --tval /home/marco/Desktop/SUBJECTS_freeSurfer/FINAL_TEMPLATE/surf/tmp.mris_preproc.13800/50009_MRI.8.mgh --sval /home/marco/Desktop/SUBJECTS_freeSurfer/50009_MRI/surf/lh.sulc --sfmt curv --noreshape --cortex
Source registration surface changed to sphere.reg.newtemplate
Target registration surface changed to sphere.reg

$Id: mri_surf2surf.c,v 1.103 2015/11/05 22:07:33 greve Exp $

setenv SUBJECTS_DIR /home/marco/Desktop/SUBJECTS_freeSurfer
cd /home/marco/Desktop/SUBJECTS_freeSurfer/FINAL_TEMPLATE
mri_surf2surf --srcsubject 50009_MRI --srchemi lh --srcsurfreg sphere.reg.newtemplate --trgsubject FINAL_TEMPLATE --trghemi lh --trgsurfreg sphere.reg --tval /home/marco/Desktop/SUBJECTS_freeSurfer/FINAL_TEMPLATE/surf/tmp.mris_preproc.13800/50009_MRI.8.mgh --sval /home/marco/Desktop/SUBJECTS_freeSurfer/50009_MRI/surf/lh.sulc --sfmt curv --noreshape --cortex 

sysname  Linux
hostname marco-Lenovo-Yoga-2-Pro
machine  x86_64
user     marco
srcsubject = 50009_MRI
srcval     = /home/marco/Desktop/SUBJECTS_freeSurfer/50009_MRI/surf/lh.sulc
srctype    = curv
trgsubject = FINAL_TEMPLATE
trgval     = /home/marco/Desktop/SUBJECTS_freeSurfer/FINAL_TEMPLATE/surf/tmp.mris_preproc.13800/50009_MRI.8.mgh
trgtype    = 
srcsurfreg = sphere.reg.newtemplate
trgsurfreg = sphere.reg
srchemi    = lh
trghemi    = lh
frame      = 0
fwhm-in    = 0
fwhm-out   = 0
label-src  = lh.cortex.label
label-trg  = lh.cortex.label
OKToRevFaceOrder  = 1
UseDualHemi = 0
Reading source surface reg /home/marco/Desktop/SUBJECTS_freeSurfer/50009_MRI/surf/lh.sphere.reg.newtemplate
Loading source data
Reading curvature file /home/marco/Desktop/SUBJECTS_freeSurfer/50009_MRI/surf/lh.sulc
Reading source subject label mask lh.cortex.label
masking the input
Reading target surface reg /home/marco/Desktop/SUBJECTS_freeSurfer/FINAL_TEMPLATE/surf/lh.sphere.reg
Done
Using surf2surf_nnfr()
Mapping Source Volume onto Source Subject Surface
surf2surf_nnfr: building source hash (res=16).
Surf2Surf: Forward Loop (163842)

surf2surf_nnfr: building target hash (res=16).
Surf2Surf: Reverse Loop (157969)
Reverse Loop had 33333 hits
Surf2Surf: Dividing by number of hits (163842)
INFO: nSrcLost = 0
nTrg121 = 138481, nTrgMulti = 25361, MnTrgMultiHits = 2.31434
nSrc121 = 126813, nSrcLost =     0, nSrcMulti = 31156, MnSrcMultiHits = 2.25838
Reading target space mask label lh.cortex.label
masking the input
Saving target data
Saving to /home/marco/Desktop/SUBJECTS_freeSurfer/FINAL_TEMPLATE/surf/tmp.mris_preproc.13800/50009_MRI.8.mgh



---------------------------------------------------
#@# 9/20 50010_MRI sab 25 feb 2017, 23.21.15, CET --------------
-----------------------
mri_surf2surf --srcsubject 50010_MRI --srchemi lh --srcsurfreg sphere.reg.newtemplate --trgsubject FINAL_TEMPLATE --trghemi lh --trgsurfreg sphere.reg --tval /home/marco/Desktop/SUBJECTS_freeSurfer/FINAL_TEMPLATE/surf/tmp.mris_preproc.13800/50010_MRI.9.mgh --sval /home/marco/Desktop/SUBJECTS_freeSurfer/50010_MRI/surf/lh.sulc --sfmt curv --noreshape --cortex
Source registration surface changed to sphere.reg.newtemplate
Target registration surface changed to sphere.reg

$Id: mri_surf2surf.c,v 1.103 2015/11/05 22:07:33 greve Exp $

setenv SUBJECTS_DIR /home/marco/Desktop/SUBJECTS_freeSurfer
cd /home/marco/Desktop/SUBJECTS_freeSurfer/FINAL_TEMPLATE
mri_surf2surf --srcsubject 50010_MRI --srchemi lh --srcsurfreg sphere.reg.newtemplate --trgsubject FINAL_TEMPLATE --trghemi lh --trgsurfreg sphere.reg --tval /home/marco/Desktop/SUBJECTS_freeSurfer/FINAL_TEMPLATE/surf/tmp.mris_preproc.13800/50010_MRI.9.mgh --sval /home/marco/Desktop/SUBJECTS_freeSurfer/50010_MRI/surf/lh.sulc --sfmt curv --noreshape --cortex 

sysname  Linux
hostname marco-Lenovo-Yoga-2-Pro
machine  x86_64
user     marco
srcsubject = 50010_MRI
srcval     = /home/marco/Desktop/SUBJECTS_freeSurfer/50010_MRI/surf/lh.sulc
srctype    = curv
trgsubject = FINAL_TEMPLATE
trgval     = /home/marco/Desktop/SUBJECTS_freeSurfer/FINAL_TEMPLATE/surf/tmp.mris_preproc.13800/50010_MRI.9.mgh
trgtype    = 
srcsurfreg = sphere.reg.newtemplate
trgsurfreg = sphere.reg
srchemi    = lh
trghemi    = lh
frame      = 0
fwhm-in    = 0
fwhm-out   = 0
label-src  = lh.cortex.label
label-trg  = lh.cortex.label
OKToRevFaceOrder  = 1
UseDualHemi = 0
Reading source surface reg /home/marco/Desktop/SUBJECTS_freeSurfer/50010_MRI/surf/lh.sphere.reg.newtemplate
Loading source data
Reading curvature file /home/marco/Desktop/SUBJECTS_freeSurfer/50010_MRI/surf/lh.sulc
Reading source subject label mask lh.cortex.label
masking the input
Reading target surface reg /home/marco/Desktop/SUBJECTS_freeSurfer/FINAL_TEMPLATE/surf/lh.sphere.reg
Done
Using surf2surf_nnfr()
Mapping Source Volume onto Source Subject Surface
surf2surf_nnfr: building source hash (res=16).
Surf2Surf: Forward Loop (163842)

surf2surf_nnfr: building target hash (res=16).
Surf2Surf: Reverse Loop (100471)
Reverse Loop had 8690 hits
Surf2Surf: Dividing by number of hits (163842)
INFO: nSrcLost = 0
nTrg121 = 157188, nTrgMulti =  6654, MnTrgMultiHits = 2.30598
nSrc121 = 52288, nSrcLost =     0, nSrcMulti = 48183, MnSrcMultiHits = 2.49557
Reading target space mask label lh.cortex.label
masking the input
Saving target data
Saving to /home/marco/Desktop/SUBJECTS_freeSurfer/FINAL_TEMPLATE/surf/tmp.mris_preproc.13800/50010_MRI.9.mgh



---------------------------------------------------
#@# 10/20 50011_MRI sab 25 feb 2017, 23.21.19, CET --------------
-----------------------
mri_surf2surf --srcsubject 50011_MRI --srchemi lh --srcsurfreg sphere.reg.newtemplate --trgsubject FINAL_TEMPLATE --trghemi lh --trgsurfreg sphere.reg --tval /home/marco/Desktop/SUBJECTS_freeSurfer/FINAL_TEMPLATE/surf/tmp.mris_preproc.13800/50011_MRI.10.mgh --sval /home/marco/Desktop/SUBJECTS_freeSurfer/50011_MRI/surf/lh.sulc --sfmt curv --noreshape --cortex
Source registration surface changed to sphere.reg.newtemplate
Target registration surface changed to sphere.reg

$Id: mri_surf2surf.c,v 1.103 2015/11/05 22:07:33 greve Exp $

setenv SUBJECTS_DIR /home/marco/Desktop/SUBJECTS_freeSurfer
cd /home/marco/Desktop/SUBJECTS_freeSurfer/FINAL_TEMPLATE
mri_surf2surf --srcsubject 50011_MRI --srchemi lh --srcsurfreg sphere.reg.newtemplate --trgsubject FINAL_TEMPLATE --trghemi lh --trgsurfreg sphere.reg --tval /home/marco/Desktop/SUBJECTS_freeSurfer/FINAL_TEMPLATE/surf/tmp.mris_preproc.13800/50011_MRI.10.mgh --sval /home/marco/Desktop/SUBJECTS_freeSurfer/50011_MRI/surf/lh.sulc --sfmt curv --noreshape --cortex 

sysname  Linux
hostname marco-Lenovo-Yoga-2-Pro
machine  x86_64
user     marco
srcsubject = 50011_MRI
srcval     = /home/marco/Desktop/SUBJECTS_freeSurfer/50011_MRI/surf/lh.sulc
srctype    = curv
trgsubject = FINAL_TEMPLATE
trgval     = /home/marco/Desktop/SUBJECTS_freeSurfer/FINAL_TEMPLATE/surf/tmp.mris_preproc.13800/50011_MRI.10.mgh
trgtype    = 
srcsurfreg = sphere.reg.newtemplate
trgsurfreg = sphere.reg
srchemi    = lh
trghemi    = lh
frame      = 0
fwhm-in    = 0
fwhm-out   = 0
label-src  = lh.cortex.label
label-trg  = lh.cortex.label
OKToRevFaceOrder  = 1
UseDualHemi = 0
Reading source surface reg /home/marco/Desktop/SUBJECTS_freeSurfer/50011_MRI/surf/lh.sphere.reg.newtemplate
Loading source data
Reading curvature file /home/marco/Desktop/SUBJECTS_freeSurfer/50011_MRI/surf/lh.sulc
Reading source subject label mask lh.cortex.label
masking the input
Reading target surface reg /home/marco/Desktop/SUBJECTS_freeSurfer/FINAL_TEMPLATE/surf/lh.sphere.reg
Done
Using surf2surf_nnfr()
Mapping Source Volume onto Source Subject Surface
surf2surf_nnfr: building source hash (res=16).
Surf2Surf: Forward Loop (163842)

surf2surf_nnfr: building target hash (res=16).
Surf2Surf: Reverse Loop (169325)
Reverse Loop had 40567 hits
Surf2Surf: Dividing by number of hits (163842)
INFO: nSrcLost = 0
nTrg121 = 133193, nTrgMulti = 30649, MnTrgMultiHits = 2.3236
nSrc121 = 141443, nSrcLost =     0, nSrcMulti = 27882, MnSrcMultiHits = 2.2583
Reading target space mask label lh.cortex.label
masking the input
Saving target data
Saving to /home/marco/Desktop/SUBJECTS_freeSurfer/FINAL_TEMPLATE/surf/tmp.mris_preproc.13800/50011_MRI.10.mgh



---------------------------------------------------
#@# 11/20 50012_MRI sab 25 feb 2017, 23.21.26, CET --------------
-----------------------
mri_surf2surf --srcsubject 50012_MRI --srchemi lh --srcsurfreg sphere.reg.newtemplate --trgsubject FINAL_TEMPLATE --trghemi lh --trgsurfreg sphere.reg --tval /home/marco/Desktop/SUBJECTS_freeSurfer/FINAL_TEMPLATE/surf/tmp.mris_preproc.13800/50012_MRI.11.mgh --sval /home/marco/Desktop/SUBJECTS_freeSurfer/50012_MRI/surf/lh.sulc --sfmt curv --noreshape --cortex
Source registration surface changed to sphere.reg.newtemplate
Target registration surface changed to sphere.reg

$Id: mri_surf2surf.c,v 1.103 2015/11/05 22:07:33 greve Exp $

setenv SUBJECTS_DIR /home/marco/Desktop/SUBJECTS_freeSurfer
cd /home/marco/Desktop/SUBJECTS_freeSurfer/FINAL_TEMPLATE
mri_surf2surf --srcsubject 50012_MRI --srchemi lh --srcsurfreg sphere.reg.newtemplate --trgsubject FINAL_TEMPLATE --trghemi lh --trgsurfreg sphere.reg --tval /home/marco/Desktop/SUBJECTS_freeSurfer/FINAL_TEMPLATE/surf/tmp.mris_preproc.13800/50012_MRI.11.mgh --sval /home/marco/Desktop/SUBJECTS_freeSurfer/50012_MRI/surf/lh.sulc --sfmt curv --noreshape --cortex 

sysname  Linux
hostname marco-Lenovo-Yoga-2-Pro
machine  x86_64
user     marco
srcsubject = 50012_MRI
srcval     = /home/marco/Desktop/SUBJECTS_freeSurfer/50012_MRI/surf/lh.sulc
srctype    = curv
trgsubject = FINAL_TEMPLATE
trgval     = /home/marco/Desktop/SUBJECTS_freeSurfer/FINAL_TEMPLATE/surf/tmp.mris_preproc.13800/50012_MRI.11.mgh
trgtype    = 
srcsurfreg = sphere.reg.newtemplate
trgsurfreg = sphere.reg
srchemi    = lh
trghemi    = lh
frame      = 0
fwhm-in    = 0
fwhm-out   = 0
label-src  = lh.cortex.label
label-trg  = lh.cortex.label
OKToRevFaceOrder  = 1
UseDualHemi = 0
Reading source surface reg /home/marco/Desktop/SUBJECTS_freeSurfer/50012_MRI/surf/lh.sphere.reg.newtemplate
Loading source data
Reading curvature file /home/marco/Desktop/SUBJECTS_freeSurfer/50012_MRI/surf/lh.sulc
Reading source subject label mask lh.cortex.label
masking the input
Reading target surface reg /home/marco/Desktop/SUBJECTS_freeSurfer/FINAL_TEMPLATE/surf/lh.sphere.reg
Done
Using surf2surf_nnfr()
Mapping Source Volume onto Source Subject Surface
surf2surf_nnfr: building source hash (res=16).
Surf2Surf: Forward Loop (163842)

surf2surf_nnfr: building target hash (res=16).
Surf2Surf: Reverse Loop (141047)
Reverse Loop had 24338 hits
Surf2Surf: Dividing by number of hits (163842)
INFO: nSrcLost = 0
nTrg121 = 144858, nTrgMulti = 18984, MnTrgMultiHits = 2.28203
nSrc121 = 104579, nSrcLost =     0, nSrcMulti = 36468, MnSrcMultiHits = 2.29245
Reading target space mask label lh.cortex.label
masking the input
Saving target data
Saving to /home/marco/Desktop/SUBJECTS_freeSurfer/FINAL_TEMPLATE/surf/tmp.mris_preproc.13800/50012_MRI.11.mgh



---------------------------------------------------
#@# 12/20 50013_MRI sab 25 feb 2017, 23.21.32, CET --------------
-----------------------
mri_surf2surf --srcsubject 50013_MRI --srchemi lh --srcsurfreg sphere.reg.newtemplate --trgsubject FINAL_TEMPLATE --trghemi lh --trgsurfreg sphere.reg --tval /home/marco/Desktop/SUBJECTS_freeSurfer/FINAL_TEMPLATE/surf/tmp.mris_preproc.13800/50013_MRI.12.mgh --sval /home/marco/Desktop/SUBJECTS_freeSurfer/50013_MRI/surf/lh.sulc --sfmt curv --noreshape --cortex
Source registration surface changed to sphere.reg.newtemplate
Target registration surface changed to sphere.reg

$Id: mri_surf2surf.c,v 1.103 2015/11/05 22:07:33 greve Exp $

setenv SUBJECTS_DIR /home/marco/Desktop/SUBJECTS_freeSurfer
cd /home/marco/Desktop/SUBJECTS_freeSurfer/FINAL_TEMPLATE
mri_surf2surf --srcsubject 50013_MRI --srchemi lh --srcsurfreg sphere.reg.newtemplate --trgsubject FINAL_TEMPLATE --trghemi lh --trgsurfreg sphere.reg --tval /home/marco/Desktop/SUBJECTS_freeSurfer/FINAL_TEMPLATE/surf/tmp.mris_preproc.13800/50013_MRI.12.mgh --sval /home/marco/Desktop/SUBJECTS_freeSurfer/50013_MRI/surf/lh.sulc --sfmt curv --noreshape --cortex 

sysname  Linux
hostname marco-Lenovo-Yoga-2-Pro
machine  x86_64
user     marco
srcsubject = 50013_MRI
srcval     = /home/marco/Desktop/SUBJECTS_freeSurfer/50013_MRI/surf/lh.sulc
srctype    = curv
trgsubject = FINAL_TEMPLATE
trgval     = /home/marco/Desktop/SUBJECTS_freeSurfer/FINAL_TEMPLATE/surf/tmp.mris_preproc.13800/50013_MRI.12.mgh
trgtype    = 
srcsurfreg = sphere.reg.newtemplate
trgsurfreg = sphere.reg
srchemi    = lh
trghemi    = lh
frame      = 0
fwhm-in    = 0
fwhm-out   = 0
label-src  = lh.cortex.label
label-trg  = lh.cortex.label
OKToRevFaceOrder  = 1
UseDualHemi = 0
Reading source surface reg /home/marco/Desktop/SUBJECTS_freeSurfer/50013_MRI/surf/lh.sphere.reg.newtemplate
Loading source data
Reading curvature file /home/marco/Desktop/SUBJECTS_freeSurfer/50013_MRI/surf/lh.sulc
Reading source subject label mask lh.cortex.label
masking the input
Reading target surface reg /home/marco/Desktop/SUBJECTS_freeSurfer/FINAL_TEMPLATE/surf/lh.sphere.reg
Done
Using surf2surf_nnfr()
Mapping Source Volume onto Source Subject Surface
surf2surf_nnfr: building source hash (res=16).
Surf2Surf: Forward Loop (163842)

surf2surf_nnfr: building target hash (res=16).
Surf2Surf: Reverse Loop (132206)
Reverse Loop had 20124 hits
Surf2Surf: Dividing by number of hits (163842)
INFO: nSrcLost = 0
nTrg121 = 148315, nTrgMulti = 15527, MnTrgMultiHits = 2.29606
nSrc121 = 93387, nSrcLost =     0, nSrcMulti = 38819, MnSrcMultiHits = 2.33337
Reading target space mask label lh.cortex.label
masking the input
Saving target data
Saving to /home/marco/Desktop/SUBJECTS_freeSurfer/FINAL_TEMPLATE/surf/tmp.mris_preproc.13800/50013_MRI.12.mgh



---------------------------------------------------
#@# 13/20 50014 sab 25 feb 2017, 23.21.37, CET --------------
-----------------------
mri_surf2surf --srcsubject 50014 --srchemi lh --srcsurfreg sphere.reg.newtemplate --trgsubject FINAL_TEMPLATE --trghemi lh --trgsurfreg sphere.reg --tval /home/marco/Desktop/SUBJECTS_freeSurfer/FINAL_TEMPLATE/surf/tmp.mris_preproc.13800/50014.13.mgh --sval /home/marco/Desktop/SUBJECTS_freeSurfer/50014/surf/lh.sulc --sfmt curv --noreshape --cortex
Source registration surface changed to sphere.reg.newtemplate
Target registration surface changed to sphere.reg

$Id: mri_surf2surf.c,v 1.103 2015/11/05 22:07:33 greve Exp $

setenv SUBJECTS_DIR /home/marco/Desktop/SUBJECTS_freeSurfer
cd /home/marco/Desktop/SUBJECTS_freeSurfer/FINAL_TEMPLATE
mri_surf2surf --srcsubject 50014 --srchemi lh --srcsurfreg sphere.reg.newtemplate --trgsubject FINAL_TEMPLATE --trghemi lh --trgsurfreg sphere.reg --tval /home/marco/Desktop/SUBJECTS_freeSurfer/FINAL_TEMPLATE/surf/tmp.mris_preproc.13800/50014.13.mgh --sval /home/marco/Desktop/SUBJECTS_freeSurfer/50014/surf/lh.sulc --sfmt curv --noreshape --cortex 

sysname  Linux
hostname marco-Lenovo-Yoga-2-Pro
machine  x86_64
user     marco
srcsubject = 50014
srcval     = /home/marco/Desktop/SUBJECTS_freeSurfer/50014/surf/lh.sulc
srctype    = curv
trgsubject = FINAL_TEMPLATE
trgval     = /home/marco/Desktop/SUBJECTS_freeSurfer/FINAL_TEMPLATE/surf/tmp.mris_preproc.13800/50014.13.mgh
trgtype    = 
srcsurfreg = sphere.reg.newtemplate
trgsurfreg = sphere.reg
srchemi    = lh
trghemi    = lh
frame      = 0
fwhm-in    = 0
fwhm-out   = 0
label-src  = lh.cortex.label
label-trg  = lh.cortex.label
OKToRevFaceOrder  = 1
UseDualHemi = 0
Reading source surface reg /home/marco/Desktop/SUBJECTS_freeSurfer/50014/surf/lh.sphere.reg.newtemplate
Loading source data
Reading curvature file /home/marco/Desktop/SUBJECTS_freeSurfer/50014/surf/lh.sulc
Reading source subject label mask lh.cortex.label
masking the input
Reading target surface reg /home/marco/Desktop/SUBJECTS_freeSurfer/FINAL_TEMPLATE/surf/lh.sphere.reg
Done
Using surf2surf_nnfr()
Mapping Source Volume onto Source Subject Surface
surf2surf_nnfr: building source hash (res=16).
Surf2Surf: Forward Loop (163842)

surf2surf_nnfr: building target hash (res=16).
Surf2Surf: Reverse Loop (145058)
Reverse Loop had 27198 hits
Surf2Surf: Dividing by number of hits (163842)
INFO: nSrcLost = 0
nTrg121 = 143378, nTrgMulti = 20464, MnTrgMultiHits = 2.32907
nSrc121 = 109836, nSrcLost =     0, nSrcMulti = 35222, MnSrcMultiHits = 2.30549
Reading target space mask label lh.cortex.label
masking the input
Saving target data
Saving to /home/marco/Desktop/SUBJECTS_freeSurfer/FINAL_TEMPLATE/surf/tmp.mris_preproc.13800/50014.13.mgh



---------------------------------------------------
#@# 14/20 50015 sab 25 feb 2017, 23.21.43, CET --------------
-----------------------
mri_surf2surf --srcsubject 50015 --srchemi lh --srcsurfreg sphere.reg.newtemplate --trgsubject FINAL_TEMPLATE --trghemi lh --trgsurfreg sphere.reg --tval /home/marco/Desktop/SUBJECTS_freeSurfer/FINAL_TEMPLATE/surf/tmp.mris_preproc.13800/50015.14.mgh --sval /home/marco/Desktop/SUBJECTS_freeSurfer/50015/surf/lh.sulc --sfmt curv --noreshape --cortex
Source registration surface changed to sphere.reg.newtemplate
Target registration surface changed to sphere.reg

$Id: mri_surf2surf.c,v 1.103 2015/11/05 22:07:33 greve Exp $

setenv SUBJECTS_DIR /home/marco/Desktop/SUBJECTS_freeSurfer
cd /home/marco/Desktop/SUBJECTS_freeSurfer/FINAL_TEMPLATE
mri_surf2surf --srcsubject 50015 --srchemi lh --srcsurfreg sphere.reg.newtemplate --trgsubject FINAL_TEMPLATE --trghemi lh --trgsurfreg sphere.reg --tval /home/marco/Desktop/SUBJECTS_freeSurfer/FINAL_TEMPLATE/surf/tmp.mris_preproc.13800/50015.14.mgh --sval /home/marco/Desktop/SUBJECTS_freeSurfer/50015/surf/lh.sulc --sfmt curv --noreshape --cortex 

sysname  Linux
hostname marco-Lenovo-Yoga-2-Pro
machine  x86_64
user     marco
srcsubject = 50015
srcval     = /home/marco/Desktop/SUBJECTS_freeSurfer/50015/surf/lh.sulc
srctype    = curv
trgsubject = FINAL_TEMPLATE
trgval     = /home/marco/Desktop/SUBJECTS_freeSurfer/FINAL_TEMPLATE/surf/tmp.mris_preproc.13800/50015.14.mgh
trgtype    = 
srcsurfreg = sphere.reg.newtemplate
trgsurfreg = sphere.reg
srchemi    = lh
trghemi    = lh
frame      = 0
fwhm-in    = 0
fwhm-out   = 0
label-src  = lh.cortex.label
label-trg  = lh.cortex.label
OKToRevFaceOrder  = 1
UseDualHemi = 0
Reading source surface reg /home/marco/Desktop/SUBJECTS_freeSurfer/50015/surf/lh.sphere.reg.newtemplate
Loading source data
Reading curvature file /home/marco/Desktop/SUBJECTS_freeSurfer/50015/surf/lh.sulc
Reading source subject label mask lh.cortex.label
masking the input
Reading target surface reg /home/marco/Desktop/SUBJECTS_freeSurfer/FINAL_TEMPLATE/surf/lh.sphere.reg
Done
Using surf2surf_nnfr()
Mapping Source Volume onto Source Subject Surface
surf2surf_nnfr: building source hash (res=16).
Surf2Surf: Forward Loop (163842)

surf2surf_nnfr: building target hash (res=16).
Surf2Surf: Reverse Loop (143952)
Reverse Loop had 25804 hits
Surf2Surf: Dividing by number of hits (163842)
INFO: nSrcLost = 0
nTrg121 = 144102, nTrgMulti = 19740, MnTrgMultiHits = 2.30719
nSrc121 = 108272, nSrcLost =     0, nSrcMulti = 35680, MnSrcMultiHits = 2.28066
Reading target space mask label lh.cortex.label
masking the input
Saving target data
Saving to /home/marco/Desktop/SUBJECTS_freeSurfer/FINAL_TEMPLATE/surf/tmp.mris_preproc.13800/50015.14.mgh



---------------------------------------------------
#@# 15/20 50016 sab 25 feb 2017, 23.21.48, CET --------------
-----------------------
mri_surf2surf --srcsubject 50016 --srchemi lh --srcsurfreg sphere.reg.newtemplate --trgsubject FINAL_TEMPLATE --trghemi lh --trgsurfreg sphere.reg --tval /home/marco/Desktop/SUBJECTS_freeSurfer/FINAL_TEMPLATE/surf/tmp.mris_preproc.13800/50016.15.mgh --sval /home/marco/Desktop/SUBJECTS_freeSurfer/50016/surf/lh.sulc --sfmt curv --noreshape --cortex
Source registration surface changed to sphere.reg.newtemplate
Target registration surface changed to sphere.reg

$Id: mri_surf2surf.c,v 1.103 2015/11/05 22:07:33 greve Exp $

setenv SUBJECTS_DIR /home/marco/Desktop/SUBJECTS_freeSurfer
cd /home/marco/Desktop/SUBJECTS_freeSurfer/FINAL_TEMPLATE
mri_surf2surf --srcsubject 50016 --srchemi lh --srcsurfreg sphere.reg.newtemplate --trgsubject FINAL_TEMPLATE --trghemi lh --trgsurfreg sphere.reg --tval /home/marco/Desktop/SUBJECTS_freeSurfer/FINAL_TEMPLATE/surf/tmp.mris_preproc.13800/50016.15.mgh --sval /home/marco/Desktop/SUBJECTS_freeSurfer/50016/surf/lh.sulc --sfmt curv --noreshape --cortex 

sysname  Linux
hostname marco-Lenovo-Yoga-2-Pro
machine  x86_64
user     marco
srcsubject = 50016
srcval     = /home/marco/Desktop/SUBJECTS_freeSurfer/50016/surf/lh.sulc
srctype    = curv
trgsubject = FINAL_TEMPLATE
trgval     = /home/marco/Desktop/SUBJECTS_freeSurfer/FINAL_TEMPLATE/surf/tmp.mris_preproc.13800/50016.15.mgh
trgtype    = 
srcsurfreg = sphere.reg.newtemplate
trgsurfreg = sphere.reg
srchemi    = lh
trghemi    = lh
frame      = 0
fwhm-in    = 0
fwhm-out   = 0
label-src  = lh.cortex.label
label-trg  = lh.cortex.label
OKToRevFaceOrder  = 1
UseDualHemi = 0
Reading source surface reg /home/marco/Desktop/SUBJECTS_freeSurfer/50016/surf/lh.sphere.reg.newtemplate
Loading source data
Reading curvature file /home/marco/Desktop/SUBJECTS_freeSurfer/50016/surf/lh.sulc
Reading source subject label mask lh.cortex.label
masking the input
Reading target surface reg /home/marco/Desktop/SUBJECTS_freeSurfer/FINAL_TEMPLATE/surf/lh.sphere.reg
Done
Using surf2surf_nnfr()
Mapping Source Volume onto Source Subject Surface
surf2surf_nnfr: building source hash (res=16).
Surf2Surf: Forward Loop (163842)

surf2surf_nnfr: building target hash (res=16).
Surf2Surf: Reverse Loop (186242)
Reverse Loop had 52630 hits
Surf2Surf: Dividing by number of hits (163842)
INFO: nSrcLost = 0
nTrg121 = 124592, nTrgMulti = 39250, MnTrgMultiHits = 2.34089
nSrc121 = 162236, nSrcLost =     0, nSrcMulti = 24006, MnSrcMultiHits = 2.25927
Reading target space mask label lh.cortex.label
masking the input
Saving target data
Saving to /home/marco/Desktop/SUBJECTS_freeSurfer/FINAL_TEMPLATE/surf/tmp.mris_preproc.13800/50016.15.mgh



---------------------------------------------------
#@# 16/20 50017 sab 25 feb 2017, 23.21.55, CET --------------
-----------------------
mri_surf2surf --srcsubject 50017 --srchemi lh --srcsurfreg sphere.reg.newtemplate --trgsubject FINAL_TEMPLATE --trghemi lh --trgsurfreg sphere.reg --tval /home/marco/Desktop/SUBJECTS_freeSurfer/FINAL_TEMPLATE/surf/tmp.mris_preproc.13800/50017.16.mgh --sval /home/marco/Desktop/SUBJECTS_freeSurfer/50017/surf/lh.sulc --sfmt curv --noreshape --cortex
Source registration surface changed to sphere.reg.newtemplate
Target registration surface changed to sphere.reg

$Id: mri_surf2surf.c,v 1.103 2015/11/05 22:07:33 greve Exp $

setenv SUBJECTS_DIR /home/marco/Desktop/SUBJECTS_freeSurfer
cd /home/marco/Desktop/SUBJECTS_freeSurfer/FINAL_TEMPLATE
mri_surf2surf --srcsubject 50017 --srchemi lh --srcsurfreg sphere.reg.newtemplate --trgsubject FINAL_TEMPLATE --trghemi lh --trgsurfreg sphere.reg --tval /home/marco/Desktop/SUBJECTS_freeSurfer/FINAL_TEMPLATE/surf/tmp.mris_preproc.13800/50017.16.mgh --sval /home/marco/Desktop/SUBJECTS_freeSurfer/50017/surf/lh.sulc --sfmt curv --noreshape --cortex 

sysname  Linux
hostname marco-Lenovo-Yoga-2-Pro
machine  x86_64
user     marco
srcsubject = 50017
srcval     = /home/marco/Desktop/SUBJECTS_freeSurfer/50017/surf/lh.sulc
srctype    = curv
trgsubject = FINAL_TEMPLATE
trgval     = /home/marco/Desktop/SUBJECTS_freeSurfer/FINAL_TEMPLATE/surf/tmp.mris_preproc.13800/50017.16.mgh
trgtype    = 
srcsurfreg = sphere.reg.newtemplate
trgsurfreg = sphere.reg
srchemi    = lh
trghemi    = lh
frame      = 0
fwhm-in    = 0
fwhm-out   = 0
label-src  = lh.cortex.label
label-trg  = lh.cortex.label
OKToRevFaceOrder  = 1
UseDualHemi = 0
Reading source surface reg /home/marco/Desktop/SUBJECTS_freeSurfer/50017/surf/lh.sphere.reg.newtemplate
Loading source data
Reading curvature file /home/marco/Desktop/SUBJECTS_freeSurfer/50017/surf/lh.sulc
Reading source subject label mask lh.cortex.label
masking the input
Reading target surface reg /home/marco/Desktop/SUBJECTS_freeSurfer/FINAL_TEMPLATE/surf/lh.sphere.reg
Done
Using surf2surf_nnfr()
Mapping Source Volume onto Source Subject Surface
surf2surf_nnfr: building source hash (res=16).
Surf2Surf: Forward Loop (163842)

surf2surf_nnfr: building target hash (res=16).
Surf2Surf: Reverse Loop (145692)
Reverse Loop had 31469 hits
Surf2Surf: Dividing by number of hits (163842)
INFO: nSrcLost = 0
nTrg121 = 141819, nTrgMulti = 22023, MnTrgMultiHits = 2.42892
nSrc121 = 110322, nSrcLost =     0, nSrcMulti = 35370, MnSrcMultiHits = 2.40286
Reading target space mask label lh.cortex.label
masking the input
Saving target data
Saving to /home/marco/Desktop/SUBJECTS_freeSurfer/FINAL_TEMPLATE/surf/tmp.mris_preproc.13800/50017.16.mgh



---------------------------------------------------
#@# 17/20 50019 sab 25 feb 2017, 23.22.01, CET --------------
-----------------------
mri_surf2surf --srcsubject 50019 --srchemi lh --srcsurfreg sphere.reg.newtemplate --trgsubject FINAL_TEMPLATE --trghemi lh --trgsurfreg sphere.reg --tval /home/marco/Desktop/SUBJECTS_freeSurfer/FINAL_TEMPLATE/surf/tmp.mris_preproc.13800/50019.17.mgh --sval /home/marco/Desktop/SUBJECTS_freeSurfer/50019/surf/lh.sulc --sfmt curv --noreshape --cortex
Source registration surface changed to sphere.reg.newtemplate
Target registration surface changed to sphere.reg

$Id: mri_surf2surf.c,v 1.103 2015/11/05 22:07:33 greve Exp $

setenv SUBJECTS_DIR /home/marco/Desktop/SUBJECTS_freeSurfer
cd /home/marco/Desktop/SUBJECTS_freeSurfer/FINAL_TEMPLATE
mri_surf2surf --srcsubject 50019 --srchemi lh --srcsurfreg sphere.reg.newtemplate --trgsubject FINAL_TEMPLATE --trghemi lh --trgsurfreg sphere.reg --tval /home/marco/Desktop/SUBJECTS_freeSurfer/FINAL_TEMPLATE/surf/tmp.mris_preproc.13800/50019.17.mgh --sval /home/marco/Desktop/SUBJECTS_freeSurfer/50019/surf/lh.sulc --sfmt curv --noreshape --cortex 

sysname  Linux
hostname marco-Lenovo-Yoga-2-Pro
machine  x86_64
user     marco
srcsubject = 50019
srcval     = /home/marco/Desktop/SUBJECTS_freeSurfer/50019/surf/lh.sulc
srctype    = curv
trgsubject = FINAL_TEMPLATE
trgval     = /home/marco/Desktop/SUBJECTS_freeSurfer/FINAL_TEMPLATE/surf/tmp.mris_preproc.13800/50019.17.mgh
trgtype    = 
srcsurfreg = sphere.reg.newtemplate
trgsurfreg = sphere.reg
srchemi    = lh
trghemi    = lh
frame      = 0
fwhm-in    = 0
fwhm-out   = 0
label-src  = lh.cortex.label
label-trg  = lh.cortex.label
OKToRevFaceOrder  = 1
UseDualHemi = 0
Reading source surface reg /home/marco/Desktop/SUBJECTS_freeSurfer/50019/surf/lh.sphere.reg.newtemplate
Loading source data
Reading curvature file /home/marco/Desktop/SUBJECTS_freeSurfer/50019/surf/lh.sulc
Reading source subject label mask lh.cortex.label
masking the input
Reading target surface reg /home/marco/Desktop/SUBJECTS_freeSurfer/FINAL_TEMPLATE/surf/lh.sphere.reg
Done
Using surf2surf_nnfr()
Mapping Source Volume onto Source Subject Surface
surf2surf_nnfr: building source hash (res=16).
Surf2Surf: Forward Loop (163842)

surf2surf_nnfr: building target hash (res=16).
Surf2Surf: Reverse Loop (172518)
Reverse Loop had 43606 hits
Surf2Surf: Dividing by number of hits (163842)
INFO: nSrcLost = 0
nTrg121 = 131372, nTrgMulti = 32470, MnTrgMultiHits = 2.34296
nSrc121 = 144922, nSrcLost =     0, nSrcMulti = 27596, MnSrcMultiHits = 2.26576
Reading target space mask label lh.cortex.label
masking the input
Saving target data
Saving to /home/marco/Desktop/SUBJECTS_freeSurfer/FINAL_TEMPLATE/surf/tmp.mris_preproc.13800/50019.17.mgh



---------------------------------------------------
#@# 18/20 50020 sab 25 feb 2017, 23.22.08, CET --------------
-----------------------
mri_surf2surf --srcsubject 50020 --srchemi lh --srcsurfreg sphere.reg.newtemplate --trgsubject FINAL_TEMPLATE --trghemi lh --trgsurfreg sphere.reg --tval /home/marco/Desktop/SUBJECTS_freeSurfer/FINAL_TEMPLATE/surf/tmp.mris_preproc.13800/50020.18.mgh --sval /home/marco/Desktop/SUBJECTS_freeSurfer/50020/surf/lh.sulc --sfmt curv --noreshape --cortex
Source registration surface changed to sphere.reg.newtemplate
Target registration surface changed to sphere.reg

$Id: mri_surf2surf.c,v 1.103 2015/11/05 22:07:33 greve Exp $

setenv SUBJECTS_DIR /home/marco/Desktop/SUBJECTS_freeSurfer
cd /home/marco/Desktop/SUBJECTS_freeSurfer/FINAL_TEMPLATE
mri_surf2surf --srcsubject 50020 --srchemi lh --srcsurfreg sphere.reg.newtemplate --trgsubject FINAL_TEMPLATE --trghemi lh --trgsurfreg sphere.reg --tval /home/marco/Desktop/SUBJECTS_freeSurfer/FINAL_TEMPLATE/surf/tmp.mris_preproc.13800/50020.18.mgh --sval /home/marco/Desktop/SUBJECTS_freeSurfer/50020/surf/lh.sulc --sfmt curv --noreshape --cortex 

sysname  Linux
hostname marco-Lenovo-Yoga-2-Pro
machine  x86_64
user     marco
srcsubject = 50020
srcval     = /home/marco/Desktop/SUBJECTS_freeSurfer/50020/surf/lh.sulc
srctype    = curv
trgsubject = FINAL_TEMPLATE
trgval     = /home/marco/Desktop/SUBJECTS_freeSurfer/FINAL_TEMPLATE/surf/tmp.mris_preproc.13800/50020.18.mgh
trgtype    = 
srcsurfreg = sphere.reg.newtemplate
trgsurfreg = sphere.reg
srchemi    = lh
trghemi    = lh
frame      = 0
fwhm-in    = 0
fwhm-out   = 0
label-src  = lh.cortex.label
label-trg  = lh.cortex.label
OKToRevFaceOrder  = 1
UseDualHemi = 0
Reading source surface reg /home/marco/Desktop/SUBJECTS_freeSurfer/50020/surf/lh.sphere.reg.newtemplate
Loading source data
Reading curvature file /home/marco/Desktop/SUBJECTS_freeSurfer/50020/surf/lh.sulc
Reading source subject label mask lh.cortex.label
masking the input
Reading target surface reg /home/marco/Desktop/SUBJECTS_freeSurfer/FINAL_TEMPLATE/surf/lh.sphere.reg
Done
Using surf2surf_nnfr()
Mapping Source Volume onto Source Subject Surface
surf2surf_nnfr: building source hash (res=16).
Surf2Surf: Forward Loop (163842)

surf2surf_nnfr: building target hash (res=16).
Surf2Surf: Reverse Loop (154181)
Reverse Loop had 32082 hits
Surf2Surf: Dividing by number of hits (163842)
INFO: nSrcLost = 0
nTrg121 = 139722, nTrgMulti = 24120, MnTrgMultiHits = 2.3301
nSrc121 = 121579, nSrcLost =     0, nSrcMulti = 32602, MnSrcMultiHits = 2.28038
Reading target space mask label lh.cortex.label
masking the input
Saving target data
Saving to /home/marco/Desktop/SUBJECTS_freeSurfer/FINAL_TEMPLATE/surf/tmp.mris_preproc.13800/50020.18.mgh



---------------------------------------------------
#@# 19/20 50022 sab 25 feb 2017, 23.22.13, CET --------------
-----------------------
mri_surf2surf --srcsubject 50022 --srchemi lh --srcsurfreg sphere.reg.newtemplate --trgsubject FINAL_TEMPLATE --trghemi lh --trgsurfreg sphere.reg --tval /home/marco/Desktop/SUBJECTS_freeSurfer/FINAL_TEMPLATE/surf/tmp.mris_preproc.13800/50022.19.mgh --sval /home/marco/Desktop/SUBJECTS_freeSurfer/50022/surf/lh.sulc --sfmt curv --noreshape --cortex
Source registration surface changed to sphere.reg.newtemplate
Target registration surface changed to sphere.reg

$Id: mri_surf2surf.c,v 1.103 2015/11/05 22:07:33 greve Exp $

setenv SUBJECTS_DIR /home/marco/Desktop/SUBJECTS_freeSurfer
cd /home/marco/Desktop/SUBJECTS_freeSurfer/FINAL_TEMPLATE
mri_surf2surf --srcsubject 50022 --srchemi lh --srcsurfreg sphere.reg.newtemplate --trgsubject FINAL_TEMPLATE --trghemi lh --trgsurfreg sphere.reg --tval /home/marco/Desktop/SUBJECTS_freeSurfer/FINAL_TEMPLATE/surf/tmp.mris_preproc.13800/50022.19.mgh --sval /home/marco/Desktop/SUBJECTS_freeSurfer/50022/surf/lh.sulc --sfmt curv --noreshape --cortex 

sysname  Linux
hostname marco-Lenovo-Yoga-2-Pro
machine  x86_64
user     marco
srcsubject = 50022
srcval     = /home/marco/Desktop/SUBJECTS_freeSurfer/50022/surf/lh.sulc
srctype    = curv
trgsubject = FINAL_TEMPLATE
trgval     = /home/marco/Desktop/SUBJECTS_freeSurfer/FINAL_TEMPLATE/surf/tmp.mris_preproc.13800/50022.19.mgh
trgtype    = 
srcsurfreg = sphere.reg.newtemplate
trgsurfreg = sphere.reg
srchemi    = lh
trghemi    = lh
frame      = 0
fwhm-in    = 0
fwhm-out   = 0
label-src  = lh.cortex.label
label-trg  = lh.cortex.label
OKToRevFaceOrder  = 1
UseDualHemi = 0
Reading source surface reg /home/marco/Desktop/SUBJECTS_freeSurfer/50022/surf/lh.sphere.reg.newtemplate
Loading source data
Reading curvature file /home/marco/Desktop/SUBJECTS_freeSurfer/50022/surf/lh.sulc
Reading source subject label mask lh.cortex.label
masking the input
Reading target surface reg /home/marco/Desktop/SUBJECTS_freeSurfer/FINAL_TEMPLATE/surf/lh.sphere.reg
Done
Using surf2surf_nnfr()
Mapping Source Volume onto Source Subject Surface
surf2surf_nnfr: building source hash (res=16).
Surf2Surf: Forward Loop (163842)

surf2surf_nnfr: building target hash (res=16).
Surf2Surf: Reverse Loop (153824)
Reverse Loop had 30991 hits
Surf2Surf: Dividing by number of hits (163842)
INFO: nSrcLost = 0
nTrg121 = 140068, nTrgMulti = 23774, MnTrgMultiHits = 2.30357
nSrc121 = 121966, nSrcLost =     0, nSrcMulti = 31858, MnSrcMultiHits = 2.28724
Reading target space mask label lh.cortex.label
masking the input
Saving target data
Saving to /home/marco/Desktop/SUBJECTS_freeSurfer/FINAL_TEMPLATE/surf/tmp.mris_preproc.13800/50022.19.mgh



---------------------------------------------------
#@# 20/20 50023 sab 25 feb 2017, 23.22.19, CET --------------
-----------------------
mri_surf2surf --srcsubject 50023 --srchemi lh --srcsurfreg sphere.reg.newtemplate --trgsubject FINAL_TEMPLATE --trghemi lh --trgsurfreg sphere.reg --tval /home/marco/Desktop/SUBJECTS_freeSurfer/FINAL_TEMPLATE/surf/tmp.mris_preproc.13800/50023.20.mgh --sval /home/marco/Desktop/SUBJECTS_freeSurfer/50023/surf/lh.sulc --sfmt curv --noreshape --cortex
Source registration surface changed to sphere.reg.newtemplate
Target registration surface changed to sphere.reg

$Id: mri_surf2surf.c,v 1.103 2015/11/05 22:07:33 greve Exp $

setenv SUBJECTS_DIR /home/marco/Desktop/SUBJECTS_freeSurfer
cd /home/marco/Desktop/SUBJECTS_freeSurfer/FINAL_TEMPLATE
mri_surf2surf --srcsubject 50023 --srchemi lh --srcsurfreg sphere.reg.newtemplate --trgsubject FINAL_TEMPLATE --trghemi lh --trgsurfreg sphere.reg --tval /home/marco/Desktop/SUBJECTS_freeSurfer/FINAL_TEMPLATE/surf/tmp.mris_preproc.13800/50023.20.mgh --sval /home/marco/Desktop/SUBJECTS_freeSurfer/50023/surf/lh.sulc --sfmt curv --noreshape --cortex 

sysname  Linux
hostname marco-Lenovo-Yoga-2-Pro
machine  x86_64
user     marco
srcsubject = 50023
srcval     = /home/marco/Desktop/SUBJECTS_freeSurfer/50023/surf/lh.sulc
srctype    = curv
trgsubject = FINAL_TEMPLATE
trgval     = /home/marco/Desktop/SUBJECTS_freeSurfer/FINAL_TEMPLATE/surf/tmp.mris_preproc.13800/50023.20.mgh
trgtype    = 
srcsurfreg = sphere.reg.newtemplate
trgsurfreg = sphere.reg
srchemi    = lh
trghemi    = lh
frame      = 0
fwhm-in    = 0
fwhm-out   = 0
label-src  = lh.cortex.label
label-trg  = lh.cortex.label
OKToRevFaceOrder  = 1
UseDualHemi = 0
Reading source surface reg /home/marco/Desktop/SUBJECTS_freeSurfer/50023/surf/lh.sphere.reg.newtemplate
Loading source data
Reading curvature file /home/marco/Desktop/SUBJECTS_freeSurfer/50023/surf/lh.sulc
Reading source subject label mask lh.cortex.label
masking the input
Reading target surface reg /home/marco/Desktop/SUBJECTS_freeSurfer/FINAL_TEMPLATE/surf/lh.sphere.reg
Done
Using surf2surf_nnfr()
Mapping Source Volume onto Source Subject Surface
surf2surf_nnfr: building source hash (res=16).
Surf2Surf: Forward Loop (163842)

surf2surf_nnfr: building target hash (res=16).
Surf2Surf: Reverse Loop (148591)
Reverse Loop had 28838 hits
Surf2Surf: Dividing by number of hits (163842)
INFO: nSrcLost = 0
nTrg121 = 141444, nTrgMulti = 22398, MnTrgMultiHits = 2.28753
nSrc121 = 114839, nSrcLost =     0, nSrcMulti = 33752, MnSrcMultiHits = 2.30626
Reading target space mask label lh.cortex.label
masking the input
Saving target data
Saving to /home/marco/Desktop/SUBJECTS_freeSurfer/FINAL_TEMPLATE/surf/tmp.mris_preproc.13800/50023.20.mgh



-----------------------
mri_concat /home/marco/Desktop/SUBJECTS_freeSurfer/FINAL_TEMPLATE/surf/tmp.mris_preproc.13800/50002_recon.1.mgh /home/marco/Desktop/SUBJECTS_freeSurfer/FINAL_TEMPLATE/surf/tmp.mris_preproc.13800/50003_MRI.2.mgh /home/marco/Desktop/SUBJECTS_freeSurfer/FINAL_TEMPLATE/surf/tmp.mris_preproc.13800/50004_MRI.3.mgh /home/marco/Desktop/SUBJECTS_freeSurfer/FINAL_TEMPLATE/surf/tmp.mris_preproc.13800/50005_MRI.4.mgh /home/marco/Desktop/SUBJECTS_freeSurfer/FINAL_TEMPLATE/surf/tmp.mris_preproc.13800/50006_MRI.5.mgh /home/marco/Desktop/SUBJECTS_freeSurfer/FINAL_TEMPLATE/surf/tmp.mris_preproc.13800/50007_MRI.6.mgh /home/marco/Desktop/SUBJECTS_freeSurfer/FINAL_TEMPLATE/surf/tmp.mris_preproc.13800/50008_MRI.7.mgh /home/marco/Desktop/SUBJECTS_freeSurfer/FINAL_TEMPLATE/surf/tmp.mris_preproc.13800/50009_MRI.8.mgh /home/marco/Desktop/SUBJECTS_freeSurfer/FINAL_TEMPLATE/surf/tmp.mris_preproc.13800/50010_MRI.9.mgh /home/marco/Desktop/SUBJECTS_freeSurfer/FINAL_TEMPLATE/surf/tmp.mris_preproc.13800/50011_MRI.10.mgh /home/marco/Desktop/SUBJECTS_freeSurfer/FINAL_TEMPLATE/surf/tmp.mris_preproc.13800/50012_MRI.11.mgh /home/marco/Desktop/SUBJECTS_freeSurfer/FINAL_TEMPLATE/surf/tmp.mris_preproc.13800/50013_MRI.12.mgh /home/marco/Desktop/SUBJECTS_freeSurfer/FINAL_TEMPLATE/surf/tmp.mris_preproc.13800/50014.13.mgh /home/marco/Desktop/SUBJECTS_freeSurfer/FINAL_TEMPLATE/surf/tmp.mris_preproc.13800/50015.14.mgh /home/marco/Desktop/SUBJECTS_freeSurfer/FINAL_TEMPLATE/surf/tmp.mris_preproc.13800/50016.15.mgh /home/marco/Desktop/SUBJECTS_freeSurfer/FINAL_TEMPLATE/surf/tmp.mris_preproc.13800/50017.16.mgh /home/marco/Desktop/SUBJECTS_freeSurfer/FINAL_TEMPLATE/surf/tmp.mris_preproc.13800/50019.17.mgh /home/marco/Desktop/SUBJECTS_freeSurfer/FINAL_TEMPLATE/surf/tmp.mris_preproc.13800/50020.18.mgh /home/marco/Desktop/SUBJECTS_freeSurfer/FINAL_TEMPLATE/surf/tmp.mris_preproc.13800/50022.19.mgh /home/marco/Desktop/SUBJECTS_freeSurfer/FINAL_TEMPLATE/surf/tmp.mris_preproc.13800/50023.20.mgh --o /home/marco/Desktop/SUBJECTS_freeSurfer/FINAL_TEMPLATE/surf/stack.lh.sulc.mgh
ninputs = 20
Checking inputs
nframestot = 20
Allocing output
Done allocing
nframes = 20
Writing to /home/marco/Desktop/SUBJECTS_freeSurfer/FINAL_TEMPLATE/surf/stack.lh.sulc.mgh



Cleaning up
-----------------------
rm -r /home/marco/Desktop/SUBJECTS_freeSurfer/FINAL_TEMPLATE/surf/tmp.mris_preproc.13800
sab 25 feb 2017, 23.22.25, CET
mris_preproc done
